

================================================================
== Report Version
================================================================
* Tool:          AutoESL - High-Level Synthesis System (C, C++, SystemC)
* Version:       2012.1
* Build date:    Tue May 08 18:26:27 PM 2012
* Copyright (C): 2012 Xilinx Inc. All rights reserved.


================================================================
== General Information
================================================================
* Project:  NO_BLOCKING
* Solution: solution1
* Date:     Wed Oct  3 13:08:51 2012



================================================================
== User Assignments
================================================================
* Product Family:           virtex6 virtex6_fpv6 
* Part:                     xc6vlx240t:ff1156:-1
* Top Model name:           distance_squared
* Target clock period (ns): 10.00
* Clock uncertainty (ns):   1.25


================================================================
== Performance Estimates
================================================================
+ Summary of timing analysis: 
    * Estimated clock period (ns): 7.57
+ Summary of overall latency (clock cycles): 
    * Best-case latency:    265
    * Average-case latency: 265
    * Worst-case latency:   265
+ Summary of loop latency (clock cycles): 
    + dimension_loop: 
        * Trip count:     200
        * Latency:        221
        * Pipeline II:    1
        * Pipeline depth: 23


================================================================
== Area Estimates
================================================================
* Summary: 
(Target device: xc6vlx240t:ff1156:-1)
+---+-----------------+-----+-------+--------+--------+-------+
| ID|             Name| BRAM| DSP48E|      FF|     LUT|  SLICE|
+---+-----------------+-----+-------+--------+--------+-------+
|  0|        Component|    -|     17|    1859|    2764|      -|
|  1|       Expression|    -|      -|       0|      76|      -|
|  2|             FIFO|    -|      -|       -|       -|      -|
|  3|           Memory|    1|      -|       0|       0|      -|
|  4|      Multiplexer|    -|      -|       -|     290|      -|
|  5|         Register|    -|      -|     701|       -|      -|
+---+-----------------+-----+-------+--------+--------+-------+
|  -|            Total|    1|     17|    2560|    3130|      0|
+---+-----------------+-----+-------+--------+--------+-------+
|  -|        Available|  832|    768|  301440|  150720|  37680|
+---+-----------------+-----+-------+--------+--------+-------+
|  -|  Utilization (%)|   ~0|      2|      ~0|       2|      0|
+---+-----------------+-----+-------+--------+--------+-------+

+ Details: 
    * Component: 
    +---+---------------------------------------------------------------------------------------------+-------+-----+-----+
    | ID|                                                                                         Name| DSP48E|   FF|  LUT|
    +---+---------------------------------------------------------------------------------------------+-------+-----+-----+
    |  0|  distance_squared_grp_fu_219_ACMP_dadddsub_1_U (distance_squared_grp_fu_219_ACMP_dadddsub_1)|      3|  446|  797|
    |  1|          distance_squared_grp_fu_223_ACMP_dadd_2_U (distance_squared_grp_fu_223_ACMP_dadd_2)|      3|  446|  797|
    |  2|          distance_squared_grp_fu_228_ACMP_dmul_3_U (distance_squared_grp_fu_228_ACMP_dmul_3)|     11|  317|  217|
    |  3|          distance_squared_grp_fu_232_ACMP_dcmp_4_U (distance_squared_grp_fu_232_ACMP_dcmp_4)|      0|  130|  133|
    |  4|      distance_squared_grp_fu_238_ACMP_sitodp_5_U (distance_squared_grp_fu_238_ACMP_sitodp_5)|      0|  260|  410|
    |  5|      distance_squared_grp_fu_241_ACMP_sitodp_6_U (distance_squared_grp_fu_241_ACMP_sitodp_6)|      0|  260|  410|
    +---+---------------------------------------------------------------------------------------------+-------+-----+-----+
    |  -|                                                                                        Total|     17| 1859| 2764|
    +---+---------------------------------------------------------------------------------------------+-------+-----+-----+

    * Expression: 
    +---+------------------------------------+---+---+----+---+----+
    | ID|                                Name| P0| P1|  P2| FF| LUT|
    +---+------------------------------------+---+---+----+---+----+
    |  0|              ap_sig_bdd_100 ( or ) |  1|  1|   -|  0|   1|
    |  1|                  dim_reg_207 ( + ) |  8|  1|   -|  0|   8|
    |  2|       exitcond1_fu_258_p2 ( icmp ) |  8|  7|   -|  0|   3|
    |  3|  sum_of_squares_reg_376 ( Select ) |  1|  1|  64|  0|  64|
    +---+------------------------------------+---+---+----+---+----+
    |  -|                               Total| 18| 10|  64|  0|  76|
    +---+------------------------------------+---+---+----+---+----+

    * FIFO: 
    N/A

    * Memory: 
    +---+------------------------+------+-----+------+-------------+-----+---+----+
    | ID|                    Name| Words| Bits| Banks| W*Bits*Banks| BRAM| FF| LUT|
    +---+------------------------+------+-----+------+-------------+-----+---+----+
    |  0|  sum_of_squares_split_U|     8|   64|     1|          512|    1|  0|   0|
    +---+------------------------+------+-----+------+-------------+-----+---+----+
    |  -|                   Total|     8|   64|     1|          512|    1|  0|   0|
    +---+------------------------+------+-----+------+-------------+-----+---+----+

    * Multiplexer: 
    +---+-------------------------------+-----+-----+------+----+
    | ID|                           Name| Size| Bits| Count| LUT|
    +---+-------------------------------+-----+-----+------+----+
    |  0|                      ap_NS_fsm|   46|    6|   276|  78|
    |  1|                    dim_reg_207|    2|    8|    16|   8|
    |  2|                  grp_fu_219_p0|    2|   64|   128|  64|
    |  3|                  grp_fu_219_p1|    3|   64|   192|  64|
    |  4|  sum_of_squares_split_address0|   13|    3|    39|   9|
    |  5|  sum_of_squares_split_address1|    5|    3|    15|   3|
    |  6|        sum_of_squares_split_d1|    2|   64|   128|  64|
    +---+-------------------------------+-----+-----+------+----+
    |  -|                          Total|   73|  212|   794| 290|
    +---+-------------------------------+-----+-----+------+----+

    * Register: 
    +---+-----------------------------------------------------------+-----+-------+----+
    | ID|                                                       Name| Bits| Consts|  FF|
    +---+-----------------------------------------------------------+-----+-------+----+
    |  0|                                                  ap_CS_fsm|    6|      0|   6|
    |  1|                                      ap_reg_ppiten_pp0_it0|    1|      0|   1|
    |  2|                                      ap_reg_ppiten_pp0_it1|    1|      0|   1|
    |  3|                                     ap_reg_ppiten_pp0_it10|    1|      0|   1|
    |  4|                                     ap_reg_ppiten_pp0_it11|    1|      0|   1|
    |  5|                                     ap_reg_ppiten_pp0_it12|    1|      0|   1|
    |  6|                                     ap_reg_ppiten_pp0_it13|    1|      0|   1|
    |  7|                                     ap_reg_ppiten_pp0_it14|    1|      0|   1|
    |  8|                                     ap_reg_ppiten_pp0_it15|    1|      0|   1|
    |  9|                                     ap_reg_ppiten_pp0_it16|    1|      0|   1|
    | 10|                                     ap_reg_ppiten_pp0_it17|    1|      0|   1|
    | 11|                                     ap_reg_ppiten_pp0_it18|    1|      0|   1|
    | 12|                                     ap_reg_ppiten_pp0_it19|    1|      0|   1|
    | 13|                                      ap_reg_ppiten_pp0_it2|    1|      0|   1|
    | 14|                                     ap_reg_ppiten_pp0_it20|    1|      0|   1|
    | 15|                                     ap_reg_ppiten_pp0_it21|    1|      0|   1|
    | 16|                                     ap_reg_ppiten_pp0_it22|    1|      0|   1|
    | 17|                                      ap_reg_ppiten_pp0_it3|    1|      0|   1|
    | 18|                                      ap_reg_ppiten_pp0_it4|    1|      0|   1|
    | 19|                                      ap_reg_ppiten_pp0_it5|    1|      0|   1|
    | 20|                                      ap_reg_ppiten_pp0_it6|    1|      0|   1|
    | 21|                                      ap_reg_ppiten_pp0_it7|    1|      0|   1|
    | 22|                                      ap_reg_ppiten_pp0_it8|    1|      0|   1|
    | 23|                                      ap_reg_ppiten_pp0_it9|    1|      0|   1|
    | 24|                     ap_reg_ppstg_dim_cast2_reg_335_pp0_it1|    3|      0|   3|
    | 25|                    ap_reg_ppstg_dim_cast2_reg_335_pp0_it10|    3|      0|   3|
    | 26|                    ap_reg_ppstg_dim_cast2_reg_335_pp0_it11|    3|      0|   3|
    | 27|                    ap_reg_ppstg_dim_cast2_reg_335_pp0_it12|    3|      0|   3|
    | 28|                    ap_reg_ppstg_dim_cast2_reg_335_pp0_it13|    3|      0|   3|
    | 29|                    ap_reg_ppstg_dim_cast2_reg_335_pp0_it14|    3|      0|   3|
    | 30|                     ap_reg_ppstg_dim_cast2_reg_335_pp0_it2|    3|      0|   3|
    | 31|                     ap_reg_ppstg_dim_cast2_reg_335_pp0_it3|    3|      0|   3|
    | 32|                     ap_reg_ppstg_dim_cast2_reg_335_pp0_it4|    3|      0|   3|
    | 33|                     ap_reg_ppstg_dim_cast2_reg_335_pp0_it5|    3|      0|   3|
    | 34|                     ap_reg_ppstg_dim_cast2_reg_335_pp0_it6|    3|      0|   3|
    | 35|                     ap_reg_ppstg_dim_cast2_reg_335_pp0_it7|    3|      0|   3|
    | 36|                     ap_reg_ppstg_dim_cast2_reg_335_pp0_it8|    3|      0|   3|
    | 37|                     ap_reg_ppstg_dim_cast2_reg_335_pp0_it9|    3|      0|   3|
    | 38|                     ap_reg_ppstg_exitcond1_reg_326_pp0_it1|    1|      0|   1|
    | 39|                    ap_reg_ppstg_exitcond1_reg_326_pp0_it10|    1|      0|   1|
    | 40|                    ap_reg_ppstg_exitcond1_reg_326_pp0_it11|    1|      0|   1|
    | 41|                    ap_reg_ppstg_exitcond1_reg_326_pp0_it12|    1|      0|   1|
    | 42|                    ap_reg_ppstg_exitcond1_reg_326_pp0_it13|    1|      0|   1|
    | 43|                    ap_reg_ppstg_exitcond1_reg_326_pp0_it14|    1|      0|   1|
    | 44|                    ap_reg_ppstg_exitcond1_reg_326_pp0_it15|    1|      0|   1|
    | 45|                    ap_reg_ppstg_exitcond1_reg_326_pp0_it16|    1|      0|   1|
    | 46|                    ap_reg_ppstg_exitcond1_reg_326_pp0_it17|    1|      0|   1|
    | 47|                    ap_reg_ppstg_exitcond1_reg_326_pp0_it18|    1|      0|   1|
    | 48|                    ap_reg_ppstg_exitcond1_reg_326_pp0_it19|    1|      0|   1|
    | 49|                     ap_reg_ppstg_exitcond1_reg_326_pp0_it2|    1|      0|   1|
    | 50|                    ap_reg_ppstg_exitcond1_reg_326_pp0_it20|    1|      0|   1|
    | 51|                    ap_reg_ppstg_exitcond1_reg_326_pp0_it21|    1|      0|   1|
    | 52|                     ap_reg_ppstg_exitcond1_reg_326_pp0_it3|    1|      0|   1|
    | 53|                     ap_reg_ppstg_exitcond1_reg_326_pp0_it4|    1|      0|   1|
    | 54|                     ap_reg_ppstg_exitcond1_reg_326_pp0_it5|    1|      0|   1|
    | 55|                     ap_reg_ppstg_exitcond1_reg_326_pp0_it6|    1|      0|   1|
    | 56|                     ap_reg_ppstg_exitcond1_reg_326_pp0_it7|    1|      0|   1|
    | 57|                     ap_reg_ppstg_exitcond1_reg_326_pp0_it8|    1|      0|   1|
    | 58|                     ap_reg_ppstg_exitcond1_reg_326_pp0_it9|    1|      0|   1|
    | 59|  ap_reg_ppstg_sum_of_squares_split_addr_8_reg_360_pp0_it16|    3|      0|   3|
    | 60|  ap_reg_ppstg_sum_of_squares_split_addr_8_reg_360_pp0_it17|    3|      0|   3|
    | 61|  ap_reg_ppstg_sum_of_squares_split_addr_8_reg_360_pp0_it18|    3|      0|   3|
    | 62|  ap_reg_ppstg_sum_of_squares_split_addr_8_reg_360_pp0_it19|    3|      0|   3|
    | 63|  ap_reg_ppstg_sum_of_squares_split_addr_8_reg_360_pp0_it20|    3|      0|   3|
    | 64|  ap_reg_ppstg_sum_of_squares_split_addr_8_reg_360_pp0_it21|    3|      0|   3|
    | 65|                                       diff_squared_reg_366|   64|      0|  64|
    | 66|                                          dim_cast2_reg_335|    3|      0|   3|
    | 67|                                                dim_reg_207|    8|      0|   8|
    | 68|                                          exitcond1_reg_326|    1|      0|   1|
    | 69|                                                    reg_244|   64|      0|  64|
    | 70|                                                    reg_251|   64|      0|  64|
    | 71|                                     sum_of_squares_reg_376|   64|      0|  64|
    | 72|                        sum_of_squares_split_addr_1_reg_291|    3|      3|   0|
    | 73|                        sum_of_squares_split_addr_2_reg_296|    3|      3|   0|
    | 74|                        sum_of_squares_split_addr_3_reg_301|    3|      3|   0|
    | 75|                        sum_of_squares_split_addr_4_reg_306|    3|      3|   0|
    | 76|                        sum_of_squares_split_addr_5_reg_311|    3|      3|   0|
    | 77|                        sum_of_squares_split_addr_6_reg_316|    3|      3|   0|
    | 78|                        sum_of_squares_split_addr_7_reg_321|    3|      3|   0|
    | 79|                        sum_of_squares_split_addr_8_reg_360|    3|      0|   3|
    | 80|                          sum_of_squares_split_addr_reg_286|    3|      3|   0|
    | 81|                                              tmp_3_reg_371|   64|      0|  64|
    | 82|                                vector1_data_V_read_reg_340|   64|      0|  64|
    | 83|                                       vector1_data_reg_350|   64|      0|  64|
    | 84|                                vector2_data_V_read_reg_345|   64|      0|  64|
    | 85|                                       vector2_data_reg_355|   64|      0|  64|
    +---+-----------------------------------------------------------+-----+-------+----+
    |  -|                                                      Total|  725|     24| 701|
    +---+-----------------------------------------------------------+-----+-------+----+

* Hierarchical Multiplexer Count: 
+---+---------------------------------------------------------------------------------------------+-----+-----+------+
| ID|                                                                                         Name| Size| Bits| Count|
+---+---------------------------------------------------------------------------------------------+-----+-----+------+
|  0|                                                                                 (This level)|   73|  212|   794|
|  1|  distance_squared_grp_fu_219_ACMP_dadddsub_1_U (distance_squared_grp_fu_219_ACMP_dadddsub_1)|    -|    -|     0|
|  2|          distance_squared_grp_fu_223_ACMP_dadd_2_U (distance_squared_grp_fu_223_ACMP_dadd_2)|    -|    -|     0|
|  3|          distance_squared_grp_fu_228_ACMP_dmul_3_U (distance_squared_grp_fu_228_ACMP_dmul_3)|    -|    -|     0|
|  4|          distance_squared_grp_fu_232_ACMP_dcmp_4_U (distance_squared_grp_fu_232_ACMP_dcmp_4)|    -|    -|     0|
|  5|      distance_squared_grp_fu_238_ACMP_sitodp_5_U (distance_squared_grp_fu_238_ACMP_sitodp_5)|    -|    -|     0|
|  6|      distance_squared_grp_fu_241_ACMP_sitodp_6_U (distance_squared_grp_fu_241_ACMP_sitodp_6)|    -|    -|     0|
+---+---------------------------------------------------------------------------------------------+-----+-----+------+
|  -|                                                                                        Total|   73|  212|   794|
+---+---------------------------------------------------------------------------------------------+-----+-----+------+



================================================================
== Power Estimate
================================================================
* Summary: 
+---+-------------+------+
| ID|         Name| Power|
+---+-------------+------+
|  0|    Component|   462|
|  1|   Expression|     7|
|  2|         FIFO|     -|
|  3|       Memory|     -|
|  4|  Multiplexer|    29|
|  5|     Register|    70|
+---+-------------+------+
|  -|        Total|   568|
+---+-------------+------+

* Hierarchical Register Count: 
+---+--------------+------+
| ID|          Name| Count|
+---+--------------+------+
|  0|  (This level)|   701|
+---+--------------+------+
|  -|         Total|   701|
+---+--------------+------+



================================================================
== Interface Summary
================================================================
* Interfaces: 
+---+------------------------+------------------+--------------+------+------------+----------+-----+-----+
| ID|               RTL Ports|            Object|          Type| Scope| IO Protocol| IO Config|  Dir| Bits|
+---+------------------------+------------------+--------------+------+------------+----------+-----+-----+
|  0|                  ap_clk|  distance_squared|  return value|     -|  ap_ctrl_hs|         -|   in|    1|
|  1|                  ap_rst|                 -|             -|     -|           -|         -|   in|    1|
|  2|                ap_start|                 -|             -|     -|           -|         -|   in|    1|
|  3|                 ap_done|                 -|             -|     -|           -|         -|  out|    1|
|  4|                 ap_idle|                 -|             -|     -|           -|         -|  out|    1|
|  5|     vector1_data_V_dout|    vector1_data_V|       pointer|     -|     ap_fifo|         -|   in|   64|
|  6|  vector1_data_V_empty_n|                 -|             -|     -|           -|         -|   in|    1|
|  7|     vector1_data_V_read|                 -|             -|     -|           -|         -|  out|    1|
|  8|     vector1_keep_V_dout|    vector1_keep_V|       pointer|     -|     ap_fifo|         -|   in|    8|
|  9|  vector1_keep_V_empty_n|                 -|             -|     -|           -|         -|   in|    1|
| 10|     vector1_keep_V_read|                 -|             -|     -|           -|         -|  out|    1|
| 11|     vector1_last_V_dout|    vector1_last_V|       pointer|     -|     ap_fifo|         -|   in|    1|
| 12|  vector1_last_V_empty_n|                 -|             -|     -|           -|         -|   in|    1|
| 13|     vector1_last_V_read|                 -|             -|     -|           -|         -|  out|    1|
| 14|     vector2_data_V_dout|    vector2_data_V|       pointer|     -|     ap_fifo|         -|   in|   64|
| 15|  vector2_data_V_empty_n|                 -|             -|     -|           -|         -|   in|    1|
| 16|     vector2_data_V_read|                 -|             -|     -|           -|         -|  out|    1|
| 17|     vector2_keep_V_dout|    vector2_keep_V|       pointer|     -|     ap_fifo|         -|   in|    8|
| 18|  vector2_keep_V_empty_n|                 -|             -|     -|           -|         -|   in|    1|
| 19|     vector2_keep_V_read|                 -|             -|     -|           -|         -|  out|    1|
| 20|     vector2_last_V_dout|    vector2_last_V|       pointer|     -|     ap_fifo|         -|   in|    1|
| 21|  vector2_last_V_empty_n|                 -|             -|     -|           -|         -|   in|    1|
| 22|     vector2_last_V_read|                 -|             -|     -|           -|         -|  out|    1|
| 23|                     sum|               sum|       pointer|     -|     ap_none|         -|  out|   64|
+---+------------------------+------------------+--------------+------+------------+----------+-----+-----+

============================================================
+ Verbose Summary: Synthesis Manager
============================================================
InlineROM: 1
ExposeGlobal: 0
============================================================
+ Verbose Summary: CDFG Model
============================================================
IsTopModel: 1
ResetActiveHigh: 1
IsCombinational: 2
IsDatapathOnly: 2
HasWiredReturn: 1
HasMFsm: 0
HasVarLatency: 1
IsPipeline: 0
IsRtlPipelined: 0
IsInstanceOverlapped: 0
IsDontTouch: 0
HasImplIP: 0
IsGatedGlobalClock: 0

+ Individual pipeline summary: 
  * Pipeline-0: initiation interval (II) = 1, depth = 23


============================================================
+ Verbose Summary: Schedule
============================================================
* Number of FSM states: 66
* Pipeline: 1
  Pipeline-0: II = 1, D = 23, States = { 5 6 7 8 9 10 11 12 13 14 15 16 17 18 19 20 21 22 23 24 25 26 27 }
* Dataflow Pipeline: 0

* FSM state transitions: 
1 --> 
	2  / true
2 --> 
	3  / true
3 --> 
	4  / true
4 --> 
	5  / true
5 --> 
	28  / (exitcond1)
	6  / (!exitcond1)
6 --> 
	7  / true
7 --> 
	8  / true
8 --> 
	9  / true
9 --> 
	10  / true
10 --> 
	11  / true
11 --> 
	12  / true
12 --> 
	13  / true
13 --> 
	14  / true
14 --> 
	15  / true
15 --> 
	16  / true
16 --> 
	17  / true
17 --> 
	18  / true
18 --> 
	19  / true
19 --> 
	20  / true
20 --> 
	21  / true
21 --> 
	22  / true
22 --> 
	23  / true
23 --> 
	24  / true
24 --> 
	25  / true
25 --> 
	26  / true
26 --> 
	27  / true
27 --> 
	5  / true
28 --> 
	29  / true
29 --> 
	30  / true
30 --> 
	31  / true
31 --> 
	32  / true
32 --> 
	33  / true
33 --> 
	34  / true
34 --> 
	35  / true
35 --> 
	36  / true
36 --> 
	37  / true
37 --> 
	38  / true
38 --> 
	39  / true
39 --> 
	40  / true
40 --> 
	41  / true
41 --> 
	42  / true
42 --> 
	43  / true
43 --> 
	44  / true
44 --> 
	45  / true
45 --> 
	46  / true
46 --> 
	47  / true
47 --> 
	48  / true
48 --> 
	49  / true
49 --> 
	50  / true
50 --> 
	51  / true
51 --> 
	52  / true
52 --> 
	53  / true
53 --> 
	54  / true
54 --> 
	55  / true
55 --> 
	56  / true
56 --> 
	57  / true
57 --> 
	58  / true
58 --> 
	59  / true
59 --> 
	60  / true
60 --> 
	61  / true
61 --> 
	62  / true
62 --> 
	63  / true
63 --> 
	64  / true
64 --> 
	65  / true
65 --> 
	66  / true
66 --> 
* FSM state operations: 

 <State 1>: 4.78ns
ST_1: sum_of_squares_split [1/1] 2.39ns
entry:0  %sum_of_squares_split = alloca [8 x double], align 8 ; <[8 x double]*> [#uses=9]

ST_1: sum_of_squares_split_addr [1/1] 0.00ns
entry:25  %sum_of_squares_split_addr = getelementptr inbounds [8 x double]* %sum_of_squares_split, i64 0, i64 0 ; <double*> [#uses=2]

ST_1: stg_69 [1/1] 2.39ns
entry:26  store double 0.000000e+00, double* %sum_of_squares_split_addr, align 8

ST_1: sum_of_squares_split_addr_1 [1/1] 0.00ns
entry:27  %sum_of_squares_split_addr_1 = getelementptr inbounds [8 x double]* %sum_of_squares_split, i64 0, i64 1 ; <double*> [#uses=2]

ST_1: stg_71 [1/1] 2.39ns
entry:28  store double 0.000000e+00, double* %sum_of_squares_split_addr_1, align 8


 <State 2>: 2.39ns
ST_2: sum_of_squares_split_addr_2 [1/1] 0.00ns
entry:29  %sum_of_squares_split_addr_2 = getelementptr inbounds [8 x double]* %sum_of_squares_split, i64 0, i64 2 ; <double*> [#uses=2]

ST_2: stg_73 [1/1] 2.39ns
entry:30  store double 0.000000e+00, double* %sum_of_squares_split_addr_2, align 8

ST_2: sum_of_squares_split_addr_3 [1/1] 0.00ns
entry:31  %sum_of_squares_split_addr_3 = getelementptr inbounds [8 x double]* %sum_of_squares_split, i64 0, i64 3 ; <double*> [#uses=2]

ST_2: stg_75 [1/1] 2.39ns
entry:32  store double 0.000000e+00, double* %sum_of_squares_split_addr_3, align 8


 <State 3>: 2.39ns
ST_3: sum_of_squares_split_addr_4 [1/1] 0.00ns
entry:33  %sum_of_squares_split_addr_4 = getelementptr inbounds [8 x double]* %sum_of_squares_split, i64 0, i64 4 ; <double*> [#uses=2]

ST_3: stg_77 [1/1] 2.39ns
entry:34  store double 0.000000e+00, double* %sum_of_squares_split_addr_4, align 8

ST_3: sum_of_squares_split_addr_5 [1/1] 0.00ns
entry:35  %sum_of_squares_split_addr_5 = getelementptr inbounds [8 x double]* %sum_of_squares_split, i64 0, i64 5 ; <double*> [#uses=2]

ST_3: stg_79 [1/1] 2.39ns
entry:36  store double 0.000000e+00, double* %sum_of_squares_split_addr_5, align 8


 <State 4>: 2.39ns
ST_4: stg_80 [1/1] 0.00ns
entry:1  call void (...)* @_ssdm_op_SpecWire(i32 0, [11 x i8]* @p_str7, [1 x i8]* @p_str8) nounwind

ST_4: tmp [1/1] 0.00ns
entry:2  %tmp = call i32 (...)* @_ssdm_op_SpecRegionBegin([13 x i8]* @p_str9) nounwind ; <i32> [#uses=1]

ST_4: stg_82 [1/1] 0.00ns
entry:3  call void (...)* @_ssdm_op_SpecWire(double* %sum, [8 x i8]* @p_str10, [1 x i8]* @p_str8) nounwind

ST_4: empty [1/1] 0.00ns
entry:4  %empty = call i32 (...)* @_ssdm_op_SpecRegionEnd([13 x i8]* @p_str9, i32 %tmp) nounwind ; <i32> [#uses=0]

ST_4: tmp_4 [1/1] 0.00ns
entry:5  %tmp_4 = call i32 (...)* @_ssdm_op_SpecRegionBegin([13 x i8]* @p_str11) nounwind ; <i32> [#uses=1]

ST_4: stg_85 [1/1] 0.00ns
entry:6  call void (...)* @_ssdm_op_SpecIFCore(i32 0, [1 x i8]* @p_str8, [10 x i8]* @p_str12, [1 x i8]* @p_str8, [1 x i8]* @p_str8, [66 x i8]* @p_str13, [24 x i8]* @p_str14) nounwind

ST_4: empty_3 [1/1] 0.00ns
entry:7  %empty_3 = call i32 (...)* @_ssdm_op_SpecRegionEnd([13 x i8]* @p_str11, i32 %tmp_4) nounwind ; <i32> [#uses=0]

ST_4: tmp_5 [1/1] 0.00ns
entry:8  %tmp_5 = call i32 (...)* @_ssdm_op_SpecRegionBegin([13 x i8]* @p_str15) nounwind ; <i32> [#uses=1]

ST_4: stg_88 [1/1] 0.00ns
entry:9  call void (...)* @_ssdm_op_SpecIFCore(double* %sum, [1 x i8]* @p_str8, [10 x i8]* @p_str12, [1 x i8]* @p_str8, [1 x i8]* @p_str8, [1 x i8]* @p_str8, [24 x i8]* @p_str14) nounwind

ST_4: empty_4 [1/1] 0.00ns
entry:10  %empty_4 = call i32 (...)* @_ssdm_op_SpecRegionEnd([13 x i8]* @p_str15, i32 %tmp_5) nounwind ; <i32> [#uses=0]

ST_4: tmp_6 [1/1] 0.00ns
entry:11  %tmp_6 = call i32 (...)* @_ssdm_op_SpecRegionBegin([13 x i8]* @p_str16) nounwind ; <i32> [#uses=1]

ST_4: tmp_7 [1/1] 0.00ns
entry:12  %tmp_7 = call i32 (...)* @_ssdm_op_SpecRegionBegin([13 x i8]* @p_str17) nounwind ; <i32> [#uses=1]

ST_4: stg_92 [1/1] 0.00ns
entry:13  call void (...)* @_ssdm_op_SpecFifo(i64* %vector1_data_V, i8* %vector1_keep_V, i1* %vector1_last_V, [8 x i8]* @p_str18, [1 x i8]* @p_str8)

ST_4: empty_5 [1/1] 0.00ns
entry:14  %empty_5 = call i32 (...)* @_ssdm_op_SpecRegionEnd([13 x i8]* @p_str17, i32 %tmp_7) nounwind ; <i32> [#uses=0]

ST_4: stg_94 [1/1] 0.00ns
entry:15  call void (...)* @_ssdm_op_SpecIFCore(i64* %vector1_data_V, i8* %vector1_keep_V, i1* %vector1_last_V, [1 x i8]* @p_str8, [5 x i8]* @p_str19, [1 x i8]* @p_str8, [1 x i8]* @p_str8, [1 x i8]* @p_str8, [27 x i8]* @p_str20) nounwind

ST_4: stg_95 [1/1] 0.00ns
entry:16  call void (...)* @_ssdm_op_SpecIFCore(i64* %vector1_data_V, i8* %vector1_keep_V, i1* %vector1_last_V, [1 x i8]* @p_str8, [5 x i8]* @p_str19, [1 x i8]* @p_str8, [1 x i8]* @p_str8, [139 x i8]* @p_str21, [1 x i8]* @p_str8) nounwind

ST_4: empty_6 [1/1] 0.00ns
entry:17  %empty_6 = call i32 (...)* @_ssdm_op_SpecRegionEnd([13 x i8]* @p_str16, i32 %tmp_6) nounwind ; <i32> [#uses=0]

ST_4: tmp_8 [1/1] 0.00ns
entry:18  %tmp_8 = call i32 (...)* @_ssdm_op_SpecRegionBegin([13 x i8]* @p_str22) nounwind ; <i32> [#uses=1]

ST_4: tmp_9 [1/1] 0.00ns
entry:19  %tmp_9 = call i32 (...)* @_ssdm_op_SpecRegionBegin([13 x i8]* @p_str23) nounwind ; <i32> [#uses=1]

ST_4: stg_99 [1/1] 0.00ns
entry:20  call void (...)* @_ssdm_op_SpecFifo(i64* %vector2_data_V, i8* %vector2_keep_V, i1* %vector2_last_V, [8 x i8]* @p_str18, [1 x i8]* @p_str8)

ST_4: empty_7 [1/1] 0.00ns
entry:21  %empty_7 = call i32 (...)* @_ssdm_op_SpecRegionEnd([13 x i8]* @p_str23, i32 %tmp_9) nounwind ; <i32> [#uses=0]

ST_4: stg_101 [1/1] 0.00ns
entry:22  call void (...)* @_ssdm_op_SpecIFCore(i64* %vector2_data_V, i8* %vector2_keep_V, i1* %vector2_last_V, [1 x i8]* @p_str8, [5 x i8]* @p_str19, [1 x i8]* @p_str8, [1 x i8]* @p_str8, [1 x i8]* @p_str8, [27 x i8]* @p_str24) nounwind

ST_4: stg_102 [1/1] 0.00ns
entry:23  call void (...)* @_ssdm_op_SpecIFCore(i64* %vector2_data_V, i8* %vector2_keep_V, i1* %vector2_last_V, [1 x i8]* @p_str8, [5 x i8]* @p_str19, [1 x i8]* @p_str8, [1 x i8]* @p_str8, [139 x i8]* @p_str25, [1 x i8]* @p_str8) nounwind

ST_4: empty_8 [1/1] 0.00ns
entry:24  %empty_8 = call i32 (...)* @_ssdm_op_SpecRegionEnd([13 x i8]* @p_str22, i32 %tmp_8) nounwind ; <i32> [#uses=0]

ST_4: sum_of_squares_split_addr_6 [1/1] 0.00ns
entry:37  %sum_of_squares_split_addr_6 = getelementptr inbounds [8 x double]* %sum_of_squares_split, i64 0, i64 6 ; <double*> [#uses=2]

ST_4: stg_105 [1/1] 2.39ns
entry:38  store double 0.000000e+00, double* %sum_of_squares_split_addr_6, align 8

ST_4: sum_of_squares_split_addr_7 [1/1] 0.00ns
entry:39  %sum_of_squares_split_addr_7 = getelementptr inbounds [8 x double]* %sum_of_squares_split, i64 0, i64 7 ; <double*> [#uses=2]

ST_4: stg_107 [1/1] 2.39ns
entry:40  store double 0.000000e+00, double* %sum_of_squares_split_addr_7, align 8

ST_4: stg_108 [1/1] 1.13ns
entry:41  br label %bb1


 <State 5>: 1.52ns
ST_5: dim [1/1] 0.00ns
bb1:0  %dim = phi i8 [ %dim_1, %bb ], [ 0, %entry ]    ; <i8> [#uses=3]

ST_5: exitcond1 [1/1] 1.52ns
bb1:1  %exitcond1 = icmp eq i8 %dim, -56               ; <i1> [#uses=1]

ST_5: dim_1 [1/1] 1.44ns
bb1:2  %dim_1 = add i8 %dim, 1                         ; <i8> [#uses=1]

ST_5: stg_112 [1/1] 0.00ns
bb1:3  br i1 %exitcond1, label %bb4.0, label %bb

ST_5: dim_cast2 [1/1] 0.00ns
bb:0  %dim_cast2 = trunc i8 %dim to i3                ; <i3> [#uses=1]


 <State 6>: 1.77ns
ST_6: vector1_data_V_read [1/1] 1.77ns
bb:4  %vector1_data_V_read = call i64 @_ssdm_op_FifoRead.volatile.i64P(i64* %vector1_data_V) nounwind ; <i64> [#uses=1]

ST_6: vector2_data_V_read [1/1] 1.77ns
bb:6  %vector2_data_V_read = call i64 @_ssdm_op_FifoRead.volatile.i64P(i64* %vector2_data_V) nounwind ; <i64> [#uses=1]


 <State 7>: 7.08ns
ST_7: vector1_data [4/4] 7.08ns
bb:5  %vector1_data = sitofp i64 %vector1_data_V_read to double ; <double> [#uses=1]

ST_7: vector2_data [4/4] 7.08ns
bb:7  %vector2_data = sitofp i64 %vector2_data_V_read to double ; <double> [#uses=1]


 <State 8>: 7.08ns
ST_8: vector1_data [3/4] 7.08ns
bb:5  %vector1_data = sitofp i64 %vector1_data_V_read to double ; <double> [#uses=1]

ST_8: vector2_data [3/4] 7.08ns
bb:7  %vector2_data = sitofp i64 %vector2_data_V_read to double ; <double> [#uses=1]


 <State 9>: 7.08ns
ST_9: vector1_data [2/4] 7.08ns
bb:5  %vector1_data = sitofp i64 %vector1_data_V_read to double ; <double> [#uses=1]

ST_9: vector2_data [2/4] 7.08ns
bb:7  %vector2_data = sitofp i64 %vector2_data_V_read to double ; <double> [#uses=1]


 <State 10>: 7.08ns
ST_10: vector1_data [1/4] 7.08ns
bb:5  %vector1_data = sitofp i64 %vector1_data_V_read to double ; <double> [#uses=1]

ST_10: vector2_data [1/4] 7.08ns
bb:7  %vector2_data = sitofp i64 %vector2_data_V_read to double ; <double> [#uses=1]


 <State 11>: 6.69ns
ST_11: diff [5/5] 6.69ns
bb:8  %diff = fsub double %vector1_data, %vector2_data ; <double> [#uses=2]


 <State 12>: 6.69ns
ST_12: diff [4/5] 6.69ns
bb:8  %diff = fsub double %vector1_data, %vector2_data ; <double> [#uses=2]


 <State 13>: 6.69ns
ST_13: diff [3/5] 6.69ns
bb:8  %diff = fsub double %vector1_data, %vector2_data ; <double> [#uses=2]


 <State 14>: 6.69ns
ST_14: diff [2/5] 6.69ns
bb:8  %diff = fsub double %vector1_data, %vector2_data ; <double> [#uses=2]


 <State 15>: 6.69ns
ST_15: diff [1/5] 6.69ns
bb:8  %diff = fsub double %vector1_data, %vector2_data ; <double> [#uses=2]


 <State 16>: 7.57ns
ST_16: diff_squared [6/6] 7.57ns
bb:9  %diff_squared = fmul double %diff, %diff        ; <double> [#uses=1]


 <State 17>: 7.57ns
ST_17: diff_squared [5/6] 7.57ns
bb:9  %diff_squared = fmul double %diff, %diff        ; <double> [#uses=1]


 <State 18>: 7.57ns
ST_18: diff_squared [4/6] 7.57ns
bb:9  %diff_squared = fmul double %diff, %diff        ; <double> [#uses=1]


 <State 19>: 7.57ns
ST_19: diff_squared [3/6] 7.57ns
bb:9  %diff_squared = fmul double %diff, %diff        ; <double> [#uses=1]


 <State 20>: 7.57ns
ST_20: diff_squared [2/6] 7.57ns
bb:9  %diff_squared = fmul double %diff, %diff        ; <double> [#uses=1]

ST_20: tmp_2 [1/1] 0.00ns
bb:10  %tmp_2 = zext i3 %dim_cast2 to i64              ; <i64> [#uses=1]

ST_20: sum_of_squares_split_addr_8 [1/1] 0.00ns
bb:11  %sum_of_squares_split_addr_8 = getelementptr inbounds [8 x double]* %sum_of_squares_split, i64 0, i64 %tmp_2 ; <double*> [#uses=2]

ST_20: sum_of_squares_split_load [2/2] 2.39ns
bb:12  %sum_of_squares_split_load = load double* %sum_of_squares_split_addr_8, align 8 ; <double> [#uses=1]


 <State 21>: 7.57ns
ST_21: diff_squared [1/6] 7.57ns
bb:9  %diff_squared = fmul double %diff, %diff        ; <double> [#uses=1]

ST_21: sum_of_squares_split_load [1/2] 2.39ns
bb:12  %sum_of_squares_split_load = load double* %sum_of_squares_split_addr_8, align 8 ; <double> [#uses=1]


 <State 22>: 6.69ns
ST_22: tmp_3 [5/5] 6.69ns
bb:13  %tmp_3 = fadd double %sum_of_squares_split_load, %diff_squared ; <double> [#uses=1]


 <State 23>: 6.69ns
ST_23: tmp_3 [4/5] 6.69ns
bb:13  %tmp_3 = fadd double %sum_of_squares_split_load, %diff_squared ; <double> [#uses=1]


 <State 24>: 6.69ns
ST_24: tmp_3 [3/5] 6.69ns
bb:13  %tmp_3 = fadd double %sum_of_squares_split_load, %diff_squared ; <double> [#uses=1]


 <State 25>: 6.69ns
ST_25: tmp_3 [2/5] 6.69ns
bb:13  %tmp_3 = fadd double %sum_of_squares_split_load, %diff_squared ; <double> [#uses=1]


 <State 26>: 6.69ns
ST_26: tmp_3 [1/5] 6.69ns
bb:13  %tmp_3 = fadd double %sum_of_squares_split_load, %diff_squared ; <double> [#uses=1]


 <State 27>: 2.39ns
ST_27: stg_144 [1/1] 0.00ns
bb:1  call void (...)* @_ssdm_op_SpecLoopName([15 x i8]* @p_str26) nounwind

ST_27: tmp_s [1/1] 0.00ns
bb:2  %tmp_s = call i32 (...)* @_ssdm_op_SpecRegionBegin([15 x i8]* @p_str26) nounwind ; <i32> [#uses=1]

ST_27: stg_146 [1/1] 0.00ns
bb:3  call void (...)* @_ssdm_op_SpecPipeline(i32 1, i32 1, i32 1, [1 x i8]* @p_str8) nounwind

ST_27: stg_147 [1/1] 2.39ns
bb:14  store double %tmp_3, double* %sum_of_squares_split_addr_8, align 8

ST_27: empty_9 [1/1] 0.00ns
bb:15  %empty_9 = call i32 (...)* @_ssdm_op_SpecRegionEnd([15 x i8]* @p_str26, i32 %tmp_s) nounwind ; <i32> [#uses=0]

ST_27: stg_149 [1/1] 0.00ns
bb:16  br label %bb1


 <State 28>: 2.39ns
ST_28: sum_of_squares_split_load_1 [2/2] 2.39ns
bb4.0:0  %sum_of_squares_split_load_1 = load double* %sum_of_squares_split_addr, align 8 ; <double> [#uses=2]


 <State 29>: 5.58ns
ST_29: sum_of_squares_split_load_1 [1/2] 2.39ns
bb4.0:0  %sum_of_squares_split_load_1 = load double* %sum_of_squares_split_addr, align 8 ; <double> [#uses=2]

ST_29: sum_of_squares_1_0_to_fcmp [3/3] 3.19ns
bb4.0:1  %sum_of_squares_1_0_to_fcmp = fcmp oeq double %sum_of_squares_split_load_1, -0.000000e+00 ; <i1> [#uses=1]


 <State 30>: 3.19ns
ST_30: sum_of_squares_1_0_to_fcmp [2/3] 3.19ns
bb4.0:1  %sum_of_squares_1_0_to_fcmp = fcmp oeq double %sum_of_squares_split_load_1, -0.000000e+00 ; <i1> [#uses=1]

ST_30: sum_of_squares_split_load_2 [2/2] 2.39ns
bb4.0:3  %sum_of_squares_split_load_2 = load double* %sum_of_squares_split_addr_1, align 8 ; <double> [#uses=1]


 <State 31>: 4.49ns
ST_31: sum_of_squares_1_0_to_fcmp [1/3] 3.19ns
bb4.0:1  %sum_of_squares_1_0_to_fcmp = fcmp oeq double %sum_of_squares_split_load_1, -0.000000e+00 ; <i1> [#uses=1]

ST_31: sum_of_squares [1/1] 1.29ns
bb4.0:2  %sum_of_squares = select i1 %sum_of_squares_1_0_to_fcmp, double 0.000000e+00, double %sum_of_squares_split_load_1 ; <double> [#uses=1]

ST_31: sum_of_squares_split_load_2 [1/2] 2.39ns
bb4.0:3  %sum_of_squares_split_load_2 = load double* %sum_of_squares_split_addr_1, align 8 ; <double> [#uses=1]


 <State 32>: 6.69ns
ST_32: sum_of_squares_1 [5/5] 6.69ns
bb4.0:4  %sum_of_squares_1 = fadd double %sum_of_squares_split_load_2, %sum_of_squares ; <double> [#uses=1]


 <State 33>: 6.69ns
ST_33: sum_of_squares_1 [4/5] 6.69ns
bb4.0:4  %sum_of_squares_1 = fadd double %sum_of_squares_split_load_2, %sum_of_squares ; <double> [#uses=1]


 <State 34>: 6.69ns
ST_34: sum_of_squares_1 [3/5] 6.69ns
bb4.0:4  %sum_of_squares_1 = fadd double %sum_of_squares_split_load_2, %sum_of_squares ; <double> [#uses=1]


 <State 35>: 6.69ns
ST_35: sum_of_squares_1 [2/5] 6.69ns
bb4.0:4  %sum_of_squares_1 = fadd double %sum_of_squares_split_load_2, %sum_of_squares ; <double> [#uses=1]

ST_35: sum_of_squares_split_load_3 [2/2] 2.39ns
bb4.0:5  %sum_of_squares_split_load_3 = load double* %sum_of_squares_split_addr_2, align 8 ; <double> [#uses=1]


 <State 36>: 6.69ns
ST_36: sum_of_squares_1 [1/5] 6.69ns
bb4.0:4  %sum_of_squares_1 = fadd double %sum_of_squares_split_load_2, %sum_of_squares ; <double> [#uses=1]

ST_36: sum_of_squares_split_load_3 [1/2] 2.39ns
bb4.0:5  %sum_of_squares_split_load_3 = load double* %sum_of_squares_split_addr_2, align 8 ; <double> [#uses=1]


 <State 37>: 6.69ns
ST_37: sum_of_squares_2 [5/5] 6.69ns
bb4.0:6  %sum_of_squares_2 = fadd double %sum_of_squares_split_load_3, %sum_of_squares_1 ; <double> [#uses=1]


 <State 38>: 6.69ns
ST_38: sum_of_squares_2 [4/5] 6.69ns
bb4.0:6  %sum_of_squares_2 = fadd double %sum_of_squares_split_load_3, %sum_of_squares_1 ; <double> [#uses=1]


 <State 39>: 6.69ns
ST_39: sum_of_squares_2 [3/5] 6.69ns
bb4.0:6  %sum_of_squares_2 = fadd double %sum_of_squares_split_load_3, %sum_of_squares_1 ; <double> [#uses=1]


 <State 40>: 6.69ns
ST_40: sum_of_squares_2 [2/5] 6.69ns
bb4.0:6  %sum_of_squares_2 = fadd double %sum_of_squares_split_load_3, %sum_of_squares_1 ; <double> [#uses=1]

ST_40: sum_of_squares_split_load_4 [2/2] 2.39ns
bb4.0:7  %sum_of_squares_split_load_4 = load double* %sum_of_squares_split_addr_3, align 8 ; <double> [#uses=1]


 <State 41>: 6.69ns
ST_41: sum_of_squares_2 [1/5] 6.69ns
bb4.0:6  %sum_of_squares_2 = fadd double %sum_of_squares_split_load_3, %sum_of_squares_1 ; <double> [#uses=1]

ST_41: sum_of_squares_split_load_4 [1/2] 2.39ns
bb4.0:7  %sum_of_squares_split_load_4 = load double* %sum_of_squares_split_addr_3, align 8 ; <double> [#uses=1]


 <State 42>: 6.69ns
ST_42: sum_of_squares_3 [5/5] 6.69ns
bb4.0:8  %sum_of_squares_3 = fadd double %sum_of_squares_split_load_4, %sum_of_squares_2 ; <double> [#uses=1]


 <State 43>: 6.69ns
ST_43: sum_of_squares_3 [4/5] 6.69ns
bb4.0:8  %sum_of_squares_3 = fadd double %sum_of_squares_split_load_4, %sum_of_squares_2 ; <double> [#uses=1]


 <State 44>: 6.69ns
ST_44: sum_of_squares_3 [3/5] 6.69ns
bb4.0:8  %sum_of_squares_3 = fadd double %sum_of_squares_split_load_4, %sum_of_squares_2 ; <double> [#uses=1]


 <State 45>: 6.69ns
ST_45: sum_of_squares_3 [2/5] 6.69ns
bb4.0:8  %sum_of_squares_3 = fadd double %sum_of_squares_split_load_4, %sum_of_squares_2 ; <double> [#uses=1]

ST_45: sum_of_squares_split_load_5 [2/2] 2.39ns
bb4.0:9  %sum_of_squares_split_load_5 = load double* %sum_of_squares_split_addr_4, align 8 ; <double> [#uses=1]


 <State 46>: 6.69ns
ST_46: sum_of_squares_3 [1/5] 6.69ns
bb4.0:8  %sum_of_squares_3 = fadd double %sum_of_squares_split_load_4, %sum_of_squares_2 ; <double> [#uses=1]

ST_46: sum_of_squares_split_load_5 [1/2] 2.39ns
bb4.0:9  %sum_of_squares_split_load_5 = load double* %sum_of_squares_split_addr_4, align 8 ; <double> [#uses=1]


 <State 47>: 6.69ns
ST_47: sum_of_squares_4 [5/5] 6.69ns
bb4.0:10  %sum_of_squares_4 = fadd double %sum_of_squares_split_load_5, %sum_of_squares_3 ; <double> [#uses=1]


 <State 48>: 6.69ns
ST_48: sum_of_squares_4 [4/5] 6.69ns
bb4.0:10  %sum_of_squares_4 = fadd double %sum_of_squares_split_load_5, %sum_of_squares_3 ; <double> [#uses=1]


 <State 49>: 6.69ns
ST_49: sum_of_squares_4 [3/5] 6.69ns
bb4.0:10  %sum_of_squares_4 = fadd double %sum_of_squares_split_load_5, %sum_of_squares_3 ; <double> [#uses=1]


 <State 50>: 6.69ns
ST_50: sum_of_squares_4 [2/5] 6.69ns
bb4.0:10  %sum_of_squares_4 = fadd double %sum_of_squares_split_load_5, %sum_of_squares_3 ; <double> [#uses=1]

ST_50: sum_of_squares_split_load_6 [2/2] 2.39ns
bb4.0:11  %sum_of_squares_split_load_6 = load double* %sum_of_squares_split_addr_5, align 8 ; <double> [#uses=1]


 <State 51>: 6.69ns
ST_51: sum_of_squares_4 [1/5] 6.69ns
bb4.0:10  %sum_of_squares_4 = fadd double %sum_of_squares_split_load_5, %sum_of_squares_3 ; <double> [#uses=1]

ST_51: sum_of_squares_split_load_6 [1/2] 2.39ns
bb4.0:11  %sum_of_squares_split_load_6 = load double* %sum_of_squares_split_addr_5, align 8 ; <double> [#uses=1]


 <State 52>: 6.69ns
ST_52: sum_of_squares_5 [5/5] 6.69ns
bb4.0:12  %sum_of_squares_5 = fadd double %sum_of_squares_split_load_6, %sum_of_squares_4 ; <double> [#uses=1]


 <State 53>: 6.69ns
ST_53: sum_of_squares_5 [4/5] 6.69ns
bb4.0:12  %sum_of_squares_5 = fadd double %sum_of_squares_split_load_6, %sum_of_squares_4 ; <double> [#uses=1]


 <State 54>: 6.69ns
ST_54: sum_of_squares_5 [3/5] 6.69ns
bb4.0:12  %sum_of_squares_5 = fadd double %sum_of_squares_split_load_6, %sum_of_squares_4 ; <double> [#uses=1]


 <State 55>: 6.69ns
ST_55: sum_of_squares_5 [2/5] 6.69ns
bb4.0:12  %sum_of_squares_5 = fadd double %sum_of_squares_split_load_6, %sum_of_squares_4 ; <double> [#uses=1]

ST_55: sum_of_squares_split_load_7 [2/2] 2.39ns
bb4.0:13  %sum_of_squares_split_load_7 = load double* %sum_of_squares_split_addr_6, align 8 ; <double> [#uses=1]


 <State 56>: 6.69ns
ST_56: sum_of_squares_5 [1/5] 6.69ns
bb4.0:12  %sum_of_squares_5 = fadd double %sum_of_squares_split_load_6, %sum_of_squares_4 ; <double> [#uses=1]

ST_56: sum_of_squares_split_load_7 [1/2] 2.39ns
bb4.0:13  %sum_of_squares_split_load_7 = load double* %sum_of_squares_split_addr_6, align 8 ; <double> [#uses=1]


 <State 57>: 6.69ns
ST_57: sum_of_squares_6 [5/5] 6.69ns
bb4.0:14  %sum_of_squares_6 = fadd double %sum_of_squares_split_load_7, %sum_of_squares_5 ; <double> [#uses=1]


 <State 58>: 6.69ns
ST_58: sum_of_squares_6 [4/5] 6.69ns
bb4.0:14  %sum_of_squares_6 = fadd double %sum_of_squares_split_load_7, %sum_of_squares_5 ; <double> [#uses=1]


 <State 59>: 6.69ns
ST_59: sum_of_squares_6 [3/5] 6.69ns
bb4.0:14  %sum_of_squares_6 = fadd double %sum_of_squares_split_load_7, %sum_of_squares_5 ; <double> [#uses=1]


 <State 60>: 6.69ns
ST_60: sum_of_squares_6 [2/5] 6.69ns
bb4.0:14  %sum_of_squares_6 = fadd double %sum_of_squares_split_load_7, %sum_of_squares_5 ; <double> [#uses=1]

ST_60: sum_of_squares_split_load_8 [2/2] 2.39ns
bb4.0:15  %sum_of_squares_split_load_8 = load double* %sum_of_squares_split_addr_7, align 8 ; <double> [#uses=1]


 <State 61>: 6.69ns
ST_61: sum_of_squares_6 [1/5] 6.69ns
bb4.0:14  %sum_of_squares_6 = fadd double %sum_of_squares_split_load_7, %sum_of_squares_5 ; <double> [#uses=1]

ST_61: sum_of_squares_split_load_8 [1/2] 2.39ns
bb4.0:15  %sum_of_squares_split_load_8 = load double* %sum_of_squares_split_addr_7, align 8 ; <double> [#uses=1]


 <State 62>: 6.69ns
ST_62: sum_of_squares_7 [5/5] 6.69ns
bb4.0:16  %sum_of_squares_7 = fadd double %sum_of_squares_split_load_8, %sum_of_squares_6 ; <double> [#uses=1]


 <State 63>: 6.69ns
ST_63: sum_of_squares_7 [4/5] 6.69ns
bb4.0:16  %sum_of_squares_7 = fadd double %sum_of_squares_split_load_8, %sum_of_squares_6 ; <double> [#uses=1]


 <State 64>: 6.69ns
ST_64: sum_of_squares_7 [3/5] 6.69ns
bb4.0:16  %sum_of_squares_7 = fadd double %sum_of_squares_split_load_8, %sum_of_squares_6 ; <double> [#uses=1]


 <State 65>: 6.69ns
ST_65: sum_of_squares_7 [2/5] 6.69ns
bb4.0:16  %sum_of_squares_7 = fadd double %sum_of_squares_split_load_8, %sum_of_squares_6 ; <double> [#uses=1]


 <State 66>: 6.69ns
ST_66: sum_of_squares_7 [1/5] 6.69ns
bb4.0:16  %sum_of_squares_7 = fadd double %sum_of_squares_split_load_8, %sum_of_squares_6 ; <double> [#uses=1]

ST_66: stg_205 [1/1] 0.00ns
bb4.0:17  call void @_ssdm_op_WireWrite.doubleP(double* %sum, double %sum_of_squares_7) nounwind

ST_66: stg_206 [1/1] 0.00ns
bb4.0:18  ret void



============================================================
+ Verbose Summary: Binding
============================================================
STG Binding: 
---------------- STG Properties BEGIN ----------------
- Is combinational: 0
- Is one-state seq: 0
- Is datapath-only: 0
- Is clock enabled: 0
- Is pipelined: 0
- Is top level: 1
Port [ Return ] is wired: 1; IO mode=ap_ctrl_hs:ce=0
Port [ vector1_data_V]:  wired=0; compound=1; hidden=0; nouse=0; global=0; static=0; extern=0; dir=0; type=4; mode=0x4bd3970; pingpong=0; private_global=0; IO mode=ap_fifo:ce=0
Port [ vector1_keep_V]:  wired=0; compound=1; hidden=0; nouse=1; global=0; static=0; extern=0; dir=0; type=4; mode=0x4b3c4a0; pingpong=0; private_global=0; IO mode=ap_fifo:ce=0
Port [ vector1_last_V]:  wired=0; compound=1; hidden=0; nouse=1; global=0; static=0; extern=0; dir=0; type=4; mode=0x44949b0; pingpong=0; private_global=0; IO mode=ap_fifo:ce=0
Port [ vector2_data_V]:  wired=0; compound=1; hidden=0; nouse=0; global=0; static=0; extern=0; dir=0; type=4; mode=0x4b3e1e0; pingpong=0; private_global=0; IO mode=ap_fifo:ce=0
Port [ vector2_keep_V]:  wired=0; compound=1; hidden=0; nouse=1; global=0; static=0; extern=0; dir=0; type=4; mode=0x455d8c0; pingpong=0; private_global=0; IO mode=ap_fifo:ce=0
Port [ vector2_last_V]:  wired=0; compound=1; hidden=0; nouse=1; global=0; static=0; extern=0; dir=0; type=4; mode=0x48a1810; pingpong=0; private_global=0; IO mode=ap_fifo:ce=0
Port [ sum]:  wired=1; compound=0; hidden=0; nouse=0; global=0; static=0; extern=0; dir=1; type=0; mode=0x44f58b0; pingpong=0; private_global=0; IO mode=ap_none:ce=0
---------------- STG Properties END ------------------

---------------- Datapath Model BEGIN ----------------

<LifeTime>
<method=bitvector/>
sum_of_squares_split        (alloca         ) [ 0011111111111111111111111111000000000000000000000000000000000000000]
sum_of_squares_split_addr   (getelementptr  ) [ 0011111111111111111111111111110000000000000000000000000000000000000]
stg_69                      (store          ) [ 0000000000000000000000000000000000000000000000000000000000000000000]
sum_of_squares_split_addr_1 (getelementptr  ) [ 0011111111111111111111111111111100000000000000000000000000000000000]
stg_71                      (store          ) [ 0000000000000000000000000000000000000000000000000000000000000000000]
sum_of_squares_split_addr_2 (getelementptr  ) [ 0001111111111111111111111111111111111000000000000000000000000000000]
stg_73                      (store          ) [ 0000000000000000000000000000000000000000000000000000000000000000000]
sum_of_squares_split_addr_3 (getelementptr  ) [ 0001111111111111111111111111111111111111110000000000000000000000000]
stg_75                      (store          ) [ 0000000000000000000000000000000000000000000000000000000000000000000]
sum_of_squares_split_addr_4 (getelementptr  ) [ 0000111111111111111111111111111111111111111111100000000000000000000]
stg_77                      (store          ) [ 0000000000000000000000000000000000000000000000000000000000000000000]
sum_of_squares_split_addr_5 (getelementptr  ) [ 0000111111111111111111111111111111111111111111111111000000000000000]
stg_79                      (store          ) [ 0000000000000000000000000000000000000000000000000000000000000000000]
stg_80                      (specwire       ) [ 0000000000000000000000000000000000000000000000000000000000000000000]
tmp                         (specregionbegin) [ 0000000000000000000000000000000000000000000000000000000000000000000]
stg_82                      (specwire       ) [ 0000000000000000000000000000000000000000000000000000000000000000000]
empty                       (specregionend  ) [ 0000000000000000000000000000000000000000000000000000000000000000000]
tmp_4                       (specregionbegin) [ 0000000000000000000000000000000000000000000000000000000000000000000]
stg_85                      (specifcore     ) [ 0000000000000000000000000000000000000000000000000000000000000000000]
empty_3                     (specregionend  ) [ 0000000000000000000000000000000000000000000000000000000000000000000]
tmp_5                       (specregionbegin) [ 0000000000000000000000000000000000000000000000000000000000000000000]
stg_88                      (specifcore     ) [ 0000000000000000000000000000000000000000000000000000000000000000000]
empty_4                     (specregionend  ) [ 0000000000000000000000000000000000000000000000000000000000000000000]
tmp_6                       (specregionbegin) [ 0000000000000000000000000000000000000000000000000000000000000000000]
tmp_7                       (specregionbegin) [ 0000000000000000000000000000000000000000000000000000000000000000000]
stg_92                      (specfifo       ) [ 0000000000000000000000000000000000000000000000000000000000000000000]
empty_5                     (specregionend  ) [ 0000000000000000000000000000000000000000000000000000000000000000000]
stg_94                      (specifcore     ) [ 0000000000000000000000000000000000000000000000000000000000000000000]
stg_95                      (specifcore     ) [ 0000000000000000000000000000000000000000000000000000000000000000000]
empty_6                     (specregionend  ) [ 0000000000000000000000000000000000000000000000000000000000000000000]
tmp_8                       (specregionbegin) [ 0000000000000000000000000000000000000000000000000000000000000000000]
tmp_9                       (specregionbegin) [ 0000000000000000000000000000000000000000000000000000000000000000000]
stg_99                      (specfifo       ) [ 0000000000000000000000000000000000000000000000000000000000000000000]
empty_7                     (specregionend  ) [ 0000000000000000000000000000000000000000000000000000000000000000000]
stg_101                     (specifcore     ) [ 0000000000000000000000000000000000000000000000000000000000000000000]
stg_102                     (specifcore     ) [ 0000000000000000000000000000000000000000000000000000000000000000000]
empty_8                     (specregionend  ) [ 0000000000000000000000000000000000000000000000000000000000000000000]
sum_of_squares_split_addr_6 (getelementptr  ) [ 0000011111111111111111111111111111111111111111111111111110000000000]
stg_105                     (store          ) [ 0000000000000000000000000000000000000000000000000000000000000000000]
sum_of_squares_split_addr_7 (getelementptr  ) [ 0000011111111111111111111111111111111111111111111111111111111100000]
stg_107                     (store          ) [ 0000000000000000000000000000000000000000000000000000000000000000000]
stg_108                     (br             ) [ 0000111111111111111111111111000000000000000000000000000000000000000]
dim                         (phi            ) [ 0000010000000000000000000000000000000000000000000000000000000000000]
exitcond1                   (icmp           ) [ 0000011111111111111111111111000000000000000000000000000000000000000]
dim_1                       (add            ) [ 0000111111111111111111111111000000000000000000000000000000000000000]
stg_112                     (br             ) [ 0000000000000000000000000000000000000000000000000000000000000000000]
dim_cast2                   (trunc          ) [ 0000011111111111111110000000000000000000000000000000000000000000000]
vector1_data_V_read         (fiforead       ) [ 0000010111100000000000000000000000000000000000000000000000000000000]
vector2_data_V_read         (fiforead       ) [ 0000010111100000000000000000000000000000000000000000000000000000000]
vector1_data                (sitodp         ) [ 0000010000011111000000000000000000000000000000000000000000000000000]
vector2_data                (sitodp         ) [ 0000010000011111000000000000000000000000000000000000000000000000000]
diff                        (dsub           ) [ 0000010000000000111111000000000000000000000000000000000000000000000]
tmp_2                       (zext           ) [ 0000000000000000000000000000000000000000000000000000000000000000000]
sum_of_squares_split_addr_8 (getelementptr  ) [ 0000010000000000000001111111000000000000000000000000000000000000000]
diff_squared                (dmul           ) [ 0000010000000000000000111110000000000000000000000000000000000000000]
sum_of_squares_split_load   (load           ) [ 0000010000000000000000111110000000000000000000000000000000000000000]
tmp_3                       (dadd           ) [ 0000010000000000000000000001000000000000000000000000000000000000000]
stg_144                     (specloopname   ) [ 0000000000000000000000000000000000000000000000000000000000000000000]
tmp_s                       (specregionbegin) [ 0000000000000000000000000000000000000000000000000000000000000000000]
stg_146                     (specpipeline   ) [ 0000000000000000000000000000000000000000000000000000000000000000000]
stg_147                     (store          ) [ 0000000000000000000000000000000000000000000000000000000000000000000]
empty_9                     (specregionend  ) [ 0000000000000000000000000000000000000000000000000000000000000000000]
stg_149                     (br             ) [ 0000111111111111111111111111000000000000000000000000000000000000000]
sum_of_squares_split_load_1 (load           ) [ 0000000000000000000000000000001100000000000000000000000000000000000]
sum_of_squares_1_0_to_fcmp  (dcmp           ) [ 0000000000000000000000000000000000000000000000000000000000000000000]
sum_of_squares              (select         ) [ 0000000000000000000000000000000011111000000000000000000000000000000]
sum_of_squares_split_load_2 (load           ) [ 0000000000000000000000000000000011111000000000000000000000000000000]
sum_of_squares_1            (dadd           ) [ 0000000000000000000000000000000000000111110000000000000000000000000]
sum_of_squares_split_load_3 (load           ) [ 0000000000000000000000000000000000000111110000000000000000000000000]
sum_of_squares_2            (dadd           ) [ 0000000000000000000000000000000000000000001111100000000000000000000]
sum_of_squares_split_load_4 (load           ) [ 0000000000000000000000000000000000000000001111100000000000000000000]
sum_of_squares_3            (dadd           ) [ 0000000000000000000000000000000000000000000000011111000000000000000]
sum_of_squares_split_load_5 (load           ) [ 0000000000000000000000000000000000000000000000011111000000000000000]
sum_of_squares_4            (dadd           ) [ 0000000000000000000000000000000000000000000000000000111110000000000]
sum_of_squares_split_load_6 (load           ) [ 0000000000000000000000000000000000000000000000000000111110000000000]
sum_of_squares_5            (dadd           ) [ 0000000000000000000000000000000000000000000000000000000001111100000]
sum_of_squares_split_load_7 (load           ) [ 0000000000000000000000000000000000000000000000000000000001111100000]
sum_of_squares_6            (dadd           ) [ 0000000000000000000000000000000000000000000000000000000000000011111]
sum_of_squares_split_load_8 (load           ) [ 0000000000000000000000000000000000000000000000000000000000000011111]
sum_of_squares_7            (dadd           ) [ 0000000000000000000000000000000000000000000000000000000000000000000]
stg_205                     (wirewrite      ) [ 0000000000000000000000000000000000000000000000000000000000000000000]
stg_206                     (ret            ) [ 0000000000000000000000000000000000000000000000000000000000000000000]
</LifeTime>

<model>

<comp_list>
<comp id="0" class="1000" name="vector1_data_V">
<pin_list>
<pin id="1" dir="1" index="0" bw="1" slack="0"/>
</pin_list>
<bind>
<StgValue><ssdm name="vector1_data_V"/></StgValue>
</bind>
</comp>

<comp id="2" class="1000" name="vector1_keep_V">
<pin_list>
<pin id="3" dir="1" index="0" bw="1" slack="2147483647"/>
</pin_list>
<bind>
<StgValue><ssdm name="vector1_keep_V"/></StgValue>
</bind>
</comp>

<comp id="4" class="1000" name="vector1_last_V">
<pin_list>
<pin id="5" dir="1" index="0" bw="1" slack="2147483647"/>
</pin_list>
<bind>
<StgValue><ssdm name="vector1_last_V"/></StgValue>
</bind>
</comp>

<comp id="6" class="1000" name="vector2_data_V">
<pin_list>
<pin id="7" dir="1" index="0" bw="1" slack="0"/>
</pin_list>
<bind>
<StgValue><ssdm name="vector2_data_V"/></StgValue>
</bind>
</comp>

<comp id="8" class="1000" name="vector2_keep_V">
<pin_list>
<pin id="9" dir="1" index="0" bw="1" slack="2147483647"/>
</pin_list>
<bind>
<StgValue><ssdm name="vector2_keep_V"/></StgValue>
</bind>
</comp>

<comp id="10" class="1000" name="vector2_last_V">
<pin_list>
<pin id="11" dir="1" index="0" bw="1" slack="2147483647"/>
</pin_list>
<bind>
<StgValue><ssdm name="vector2_last_V"/></StgValue>
</bind>
</comp>

<comp id="12" class="1000" name="sum">
<pin_list>
<pin id="13" dir="1" index="0" bw="1" slack="0"/>
</pin_list>
<bind>
<StgValue><ssdm name="sum"/></StgValue>
</bind>
</comp>

<comp id="14" class="1001" name="const_14">
<pin_list>
<pin id="15" dir="1" index="0" bw="1" slack="0"/>
</pin_list>
<bind>
<StgValue><ssdm name=""/></StgValue>
</bind>
</comp>

<comp id="16" class="1001" name="const_16">
<pin_list>
<pin id="17" dir="1" index="0" bw="1" slack="0"/>
</pin_list>
<bind>
<StgValue><ssdm name=""/></StgValue>
</bind>
</comp>

<comp id="18" class="1001" name="const_18">
<pin_list>
<pin id="19" dir="1" index="0" bw="1" slack="0"/>
</pin_list>
<bind>
<StgValue><ssdm name=""/></StgValue>
</bind>
</comp>

<comp id="20" class="1001" name="const_20">
<pin_list>
<pin id="21" dir="1" index="0" bw="1" slack="0"/>
</pin_list>
<bind>
<StgValue><ssdm name=""/></StgValue>
</bind>
</comp>

<comp id="22" class="1001" name="const_22">
<pin_list>
<pin id="23" dir="1" index="0" bw="1" slack="0"/>
</pin_list>
<bind>
<StgValue><ssdm name=""/></StgValue>
</bind>
</comp>

<comp id="24" class="1001" name="const_24">
<pin_list>
<pin id="25" dir="1" index="0" bw="1" slack="0"/>
</pin_list>
<bind>
<StgValue><ssdm name=""/></StgValue>
</bind>
</comp>

<comp id="26" class="1001" name="const_26">
<pin_list>
<pin id="27" dir="1" index="0" bw="1" slack="0"/>
</pin_list>
<bind>
<StgValue><ssdm name=""/></StgValue>
</bind>
</comp>

<comp id="28" class="1001" name="const_28">
<pin_list>
<pin id="29" dir="1" index="0" bw="1" slack="0"/>
</pin_list>
<bind>
<StgValue><ssdm name=""/></StgValue>
</bind>
</comp>

<comp id="30" class="1001" name="const_30">
<pin_list>
<pin id="31" dir="1" index="0" bw="1" slack="2147483647"/>
</pin_list>
<bind>
<StgValue><ssdm name="_ssdm_op_SpecWire"/></StgValue>
</bind>
</comp>

<comp id="32" class="1001" name="const_32">
<pin_list>
<pin id="33" dir="1" index="0" bw="1" slack="2147483647"/>
</pin_list>
<bind>
<StgValue><ssdm name=""/></StgValue>
</bind>
</comp>

<comp id="34" class="1001" name="const_34">
<pin_list>
<pin id="35" dir="1" index="0" bw="1" slack="2147483647"/>
</pin_list>
<bind>
<StgValue><ssdm name="p_str7"/></StgValue>
</bind>
</comp>

<comp id="36" class="1001" name="const_36">
<pin_list>
<pin id="37" dir="1" index="0" bw="1" slack="2147483647"/>
</pin_list>
<bind>
<StgValue><ssdm name="p_str8"/></StgValue>
</bind>
</comp>

<comp id="38" class="1001" name="const_38">
<pin_list>
<pin id="39" dir="1" index="0" bw="1" slack="2147483647"/>
</pin_list>
<bind>
<StgValue><ssdm name="_ssdm_op_SpecRegionBegin"/></StgValue>
</bind>
</comp>

<comp id="40" class="1001" name="const_40">
<pin_list>
<pin id="41" dir="1" index="0" bw="1" slack="2147483647"/>
</pin_list>
<bind>
<StgValue><ssdm name="p_str9"/></StgValue>
</bind>
</comp>

<comp id="42" class="1001" name="const_42">
<pin_list>
<pin id="43" dir="1" index="0" bw="1" slack="2147483647"/>
</pin_list>
<bind>
<StgValue><ssdm name="p_str10"/></StgValue>
</bind>
</comp>

<comp id="44" class="1001" name="const_44">
<pin_list>
<pin id="45" dir="1" index="0" bw="1" slack="2147483647"/>
</pin_list>
<bind>
<StgValue><ssdm name="_ssdm_op_SpecRegionEnd"/></StgValue>
</bind>
</comp>

<comp id="46" class="1001" name="const_46">
<pin_list>
<pin id="47" dir="1" index="0" bw="1" slack="2147483647"/>
</pin_list>
<bind>
<StgValue><ssdm name="p_str11"/></StgValue>
</bind>
</comp>

<comp id="48" class="1001" name="const_48">
<pin_list>
<pin id="49" dir="1" index="0" bw="1" slack="2147483647"/>
</pin_list>
<bind>
<StgValue><ssdm name="_ssdm_op_SpecIFCore"/></StgValue>
</bind>
</comp>

<comp id="50" class="1001" name="const_50">
<pin_list>
<pin id="51" dir="1" index="0" bw="1" slack="2147483647"/>
</pin_list>
<bind>
<StgValue><ssdm name="p_str12"/></StgValue>
</bind>
</comp>

<comp id="52" class="1001" name="const_52">
<pin_list>
<pin id="53" dir="1" index="0" bw="1" slack="2147483647"/>
</pin_list>
<bind>
<StgValue><ssdm name="p_str13"/></StgValue>
</bind>
</comp>

<comp id="54" class="1001" name="const_54">
<pin_list>
<pin id="55" dir="1" index="0" bw="1" slack="2147483647"/>
</pin_list>
<bind>
<StgValue><ssdm name="p_str14"/></StgValue>
</bind>
</comp>

<comp id="56" class="1001" name="const_56">
<pin_list>
<pin id="57" dir="1" index="0" bw="1" slack="2147483647"/>
</pin_list>
<bind>
<StgValue><ssdm name="p_str15"/></StgValue>
</bind>
</comp>

<comp id="58" class="1001" name="const_58">
<pin_list>
<pin id="59" dir="1" index="0" bw="1" slack="2147483647"/>
</pin_list>
<bind>
<StgValue><ssdm name="p_str16"/></StgValue>
</bind>
</comp>

<comp id="60" class="1001" name="const_60">
<pin_list>
<pin id="61" dir="1" index="0" bw="1" slack="2147483647"/>
</pin_list>
<bind>
<StgValue><ssdm name="p_str17"/></StgValue>
</bind>
</comp>

<comp id="62" class="1001" name="const_62">
<pin_list>
<pin id="63" dir="1" index="0" bw="1" slack="2147483647"/>
</pin_list>
<bind>
<StgValue><ssdm name="_ssdm_op_SpecFifo"/></StgValue>
</bind>
</comp>

<comp id="64" class="1001" name="const_64">
<pin_list>
<pin id="65" dir="1" index="0" bw="1" slack="2147483647"/>
</pin_list>
<bind>
<StgValue><ssdm name="p_str18"/></StgValue>
</bind>
</comp>

<comp id="66" class="1001" name="const_66">
<pin_list>
<pin id="67" dir="1" index="0" bw="1" slack="2147483647"/>
</pin_list>
<bind>
<StgValue><ssdm name="p_str19"/></StgValue>
</bind>
</comp>

<comp id="68" class="1001" name="const_68">
<pin_list>
<pin id="69" dir="1" index="0" bw="1" slack="2147483647"/>
</pin_list>
<bind>
<StgValue><ssdm name="p_str20"/></StgValue>
</bind>
</comp>

<comp id="70" class="1001" name="const_70">
<pin_list>
<pin id="71" dir="1" index="0" bw="1" slack="2147483647"/>
</pin_list>
<bind>
<StgValue><ssdm name="p_str21"/></StgValue>
</bind>
</comp>

<comp id="72" class="1001" name="const_72">
<pin_list>
<pin id="73" dir="1" index="0" bw="1" slack="2147483647"/>
</pin_list>
<bind>
<StgValue><ssdm name="p_str22"/></StgValue>
</bind>
</comp>

<comp id="74" class="1001" name="const_74">
<pin_list>
<pin id="75" dir="1" index="0" bw="1" slack="2147483647"/>
</pin_list>
<bind>
<StgValue><ssdm name="p_str23"/></StgValue>
</bind>
</comp>

<comp id="76" class="1001" name="const_76">
<pin_list>
<pin id="77" dir="1" index="0" bw="1" slack="2147483647"/>
</pin_list>
<bind>
<StgValue><ssdm name="p_str24"/></StgValue>
</bind>
</comp>

<comp id="78" class="1001" name="const_78">
<pin_list>
<pin id="79" dir="1" index="0" bw="1" slack="2147483647"/>
</pin_list>
<bind>
<StgValue><ssdm name="p_str25"/></StgValue>
</bind>
</comp>

<comp id="80" class="1001" name="const_80">
<pin_list>
<pin id="81" dir="1" index="0" bw="1" slack="0"/>
</pin_list>
<bind>
<StgValue><ssdm name=""/></StgValue>
</bind>
</comp>

<comp id="82" class="1001" name="const_82">
<pin_list>
<pin id="83" dir="1" index="0" bw="1" slack="0"/>
</pin_list>
<bind>
<StgValue><ssdm name=""/></StgValue>
</bind>
</comp>

<comp id="84" class="1001" name="const_84">
<pin_list>
<pin id="85" dir="1" index="0" bw="1" slack="1"/>
</pin_list>
<bind>
<StgValue><ssdm name=""/></StgValue>
</bind>
</comp>

<comp id="86" class="1001" name="const_86">
<pin_list>
<pin id="87" dir="1" index="0" bw="1" slack="0"/>
</pin_list>
<bind>
<StgValue><ssdm name=""/></StgValue>
</bind>
</comp>

<comp id="88" class="1001" name="const_88">
<pin_list>
<pin id="89" dir="1" index="0" bw="1" slack="0"/>
</pin_list>
<bind>
<StgValue><ssdm name=""/></StgValue>
</bind>
</comp>

<comp id="90" class="1001" name="const_90">
<pin_list>
<pin id="91" dir="1" index="0" bw="1" slack="0"/>
</pin_list>
<bind>
<StgValue><ssdm name="_ssdm_op_FifoRead.volatile.i64P"/></StgValue>
</bind>
</comp>

<comp id="92" class="1001" name="const_92">
<pin_list>
<pin id="93" dir="1" index="0" bw="1" slack="2147483647"/>
</pin_list>
<bind>
<StgValue><ssdm name="_ssdm_op_SpecLoopName"/></StgValue>
</bind>
</comp>

<comp id="94" class="1001" name="const_94">
<pin_list>
<pin id="95" dir="1" index="0" bw="1" slack="2147483647"/>
</pin_list>
<bind>
<StgValue><ssdm name="p_str26"/></StgValue>
</bind>
</comp>

<comp id="96" class="1001" name="const_96">
<pin_list>
<pin id="97" dir="1" index="0" bw="1" slack="2147483647"/>
</pin_list>
<bind>
<StgValue><ssdm name="_ssdm_op_SpecPipeline"/></StgValue>
</bind>
</comp>

<comp id="98" class="1001" name="const_98">
<pin_list>
<pin id="99" dir="1" index="0" bw="1" slack="0"/>
</pin_list>
<bind>
<StgValue><ssdm name=""/></StgValue>
</bind>
</comp>

<comp id="100" class="1001" name="const_100">
<pin_list>
<pin id="101" dir="1" index="0" bw="1" slack="0"/>
</pin_list>
<bind>
<StgValue><ssdm name="_ssdm_op_WireWrite.doubleP"/></StgValue>
</bind>
</comp>

<comp id="102" class="1004" name="sum_of_squares_split_alloca_fu_102">
<pin_list>
<pin id="103" dir="0" index="0" bw="1" slack="0"/>
<pin id="104" dir="1" index="1" bw="64" slack="0"/>
</pin_list>
<bind>
<opcode="alloca(26) " fcode="alloca"/>
<opset="sum_of_squares_split/1 "/>
</bind>
</comp>

<comp id="106" class="1004" name="vector1_data_V_read_fiforead_fu_106">
<pin_list>
<pin id="107" dir="0" index="0" bw="64" slack="0"/>
<pin id="108" dir="0" index="1" bw="64" slack="0"/>
<pin id="109" dir="1" index="2" bw="64" slack="1"/>
</pin_list>
<bind>
<opcode="fiforead(1114) " fcode="fiforead"/>
<opset="vector1_data_V_read/6 "/>
</bind>
</comp>

<comp id="112" class="1004" name="vector2_data_V_read_fiforead_fu_112">
<pin_list>
<pin id="113" dir="0" index="0" bw="64" slack="0"/>
<pin id="114" dir="0" index="1" bw="64" slack="0"/>
<pin id="115" dir="1" index="2" bw="64" slack="1"/>
</pin_list>
<bind>
<opcode="fiforead(1114) " fcode="fiforead"/>
<opset="vector2_data_V_read/6 "/>
</bind>
</comp>

<comp id="118" class="1004" name="stg_205_wirewrite_fu_118">
<pin_list>
<pin id="119" dir="0" index="0" bw="0" slack="0"/>
<pin id="120" dir="0" index="1" bw="64" slack="0"/>
<pin id="121" dir="0" index="2" bw="64" slack="0"/>
<pin id="122" dir="1" index="3" bw="0" slack="2147483647"/>
</pin_list>
<bind>
<opcode="wirewrite(1113) " fcode="wirewrite"/>
<opset="stg_205/66 "/>
</bind>
</comp>

<comp id="125" class="1004" name="sum_of_squares_split_addr_gep_fu_125">
<pin_list>
<pin id="126" dir="0" index="0" bw="64" slack="0"/>
<pin id="127" dir="0" index="1" bw="1" slack="0"/>
<pin id="128" dir="0" index="2" bw="1" slack="0"/>
<pin id="129" dir="1" index="3" bw="3" slack="0"/>
</pin_list>
<bind>
<opcode="getelementptr(29) " fcode="getelementptr"/>
<opset="sum_of_squares_split_addr/1 "/>
</bind>
</comp>

<comp id="133" class="1004" name="grp_access_fu_133">
<pin_list>
<pin id="134" dir="0" index="0" bw="3" slack="0"/>
<pin id="135" dir="0" index="1" bw="64" slack="0"/>
<pin id="147" dir="0" index="3" bw="3" slack="0"/>
<pin id="148" dir="0" index="4" bw="64" slack="0"/>
<pin id="136" dir="1" index="2" bw="64" slack="0"/>
<pin id="149" dir="1" index="5" bw="64" slack="2147483647"/>
</pin_list>
<bind>
<opcode="load(27) store(28) " fcode="load"/>
<opset="stg_69/1 stg_71/1 stg_73/2 stg_75/2 stg_77/3 stg_79/3 stg_105/4 stg_107/4 sum_of_squares_split_load/20 stg_147/27 sum_of_squares_split_load_1/28 sum_of_squares_split_load_2/30 sum_of_squares_split_load_3/35 sum_of_squares_split_load_4/40 sum_of_squares_split_load_5/45 sum_of_squares_split_load_6/50 sum_of_squares_split_load_7/55 sum_of_squares_split_load_8/60 "/>
</bind>
</comp>

<comp id="139" class="1004" name="sum_of_squares_split_addr_1_gep_fu_139">
<pin_list>
<pin id="140" dir="0" index="0" bw="64" slack="0"/>
<pin id="141" dir="0" index="1" bw="1" slack="0"/>
<pin id="142" dir="0" index="2" bw="1" slack="0"/>
<pin id="143" dir="1" index="3" bw="3" slack="0"/>
</pin_list>
<bind>
<opcode="getelementptr(29) " fcode="getelementptr"/>
<opset="sum_of_squares_split_addr_1/1 "/>
</bind>
</comp>

<comp id="152" class="1004" name="sum_of_squares_split_addr_2_gep_fu_152">
<pin_list>
<pin id="153" dir="0" index="0" bw="64" slack="2147483647"/>
<pin id="154" dir="0" index="1" bw="1" slack="0"/>
<pin id="155" dir="0" index="2" bw="2" slack="0"/>
<pin id="156" dir="1" index="3" bw="3" slack="0"/>
</pin_list>
<bind>
<opcode="getelementptr(29) " fcode="getelementptr"/>
<opset="sum_of_squares_split_addr_2/2 "/>
</bind>
</comp>

<comp id="160" class="1004" name="sum_of_squares_split_addr_3_gep_fu_160">
<pin_list>
<pin id="161" dir="0" index="0" bw="64" slack="2147483647"/>
<pin id="162" dir="0" index="1" bw="1" slack="0"/>
<pin id="163" dir="0" index="2" bw="2" slack="0"/>
<pin id="164" dir="1" index="3" bw="3" slack="0"/>
</pin_list>
<bind>
<opcode="getelementptr(29) " fcode="getelementptr"/>
<opset="sum_of_squares_split_addr_3/2 "/>
</bind>
</comp>

<comp id="168" class="1004" name="sum_of_squares_split_addr_4_gep_fu_168">
<pin_list>
<pin id="169" dir="0" index="0" bw="64" slack="2147483647"/>
<pin id="170" dir="0" index="1" bw="1" slack="0"/>
<pin id="171" dir="0" index="2" bw="3" slack="0"/>
<pin id="172" dir="1" index="3" bw="3" slack="0"/>
</pin_list>
<bind>
<opcode="getelementptr(29) " fcode="getelementptr"/>
<opset="sum_of_squares_split_addr_4/3 "/>
</bind>
</comp>

<comp id="176" class="1004" name="sum_of_squares_split_addr_5_gep_fu_176">
<pin_list>
<pin id="177" dir="0" index="0" bw="64" slack="2147483647"/>
<pin id="178" dir="0" index="1" bw="1" slack="0"/>
<pin id="179" dir="0" index="2" bw="3" slack="0"/>
<pin id="180" dir="1" index="3" bw="3" slack="0"/>
</pin_list>
<bind>
<opcode="getelementptr(29) " fcode="getelementptr"/>
<opset="sum_of_squares_split_addr_5/3 "/>
</bind>
</comp>

<comp id="184" class="1004" name="sum_of_squares_split_addr_6_gep_fu_184">
<pin_list>
<pin id="185" dir="0" index="0" bw="64" slack="2147483647"/>
<pin id="186" dir="0" index="1" bw="1" slack="0"/>
<pin id="187" dir="0" index="2" bw="3" slack="0"/>
<pin id="188" dir="1" index="3" bw="3" slack="0"/>
</pin_list>
<bind>
<opcode="getelementptr(29) " fcode="getelementptr"/>
<opset="sum_of_squares_split_addr_6/4 "/>
</bind>
</comp>

<comp id="192" class="1004" name="sum_of_squares_split_addr_7_gep_fu_192">
<pin_list>
<pin id="193" dir="0" index="0" bw="64" slack="2147483647"/>
<pin id="194" dir="0" index="1" bw="1" slack="0"/>
<pin id="195" dir="0" index="2" bw="3" slack="0"/>
<pin id="196" dir="1" index="3" bw="3" slack="0"/>
</pin_list>
<bind>
<opcode="getelementptr(29) " fcode="getelementptr"/>
<opset="sum_of_squares_split_addr_7/4 "/>
</bind>
</comp>

<comp id="200" class="1004" name="sum_of_squares_split_addr_8_gep_fu_200">
<pin_list>
<pin id="201" dir="0" index="0" bw="64" slack="2147483647"/>
<pin id="202" dir="0" index="1" bw="1" slack="0"/>
<pin id="203" dir="0" index="2" bw="3" slack="0"/>
<pin id="204" dir="1" index="3" bw="3" slack="0"/>
</pin_list>
<bind>
<opcode="getelementptr(29) " fcode="getelementptr"/>
<opset="sum_of_squares_split_addr_8/20 "/>
</bind>
</comp>

<comp id="207" class="1005" name="dim_reg_207">
<pin_list>
<pin id="208" dir="0" index="0" bw="8" slack="1"/>
<pin id="209" dir="1" index="1" bw="8" slack="1"/>
</pin_list>
<bind>
<opset="dim (phireg) "/>
</bind>
</comp>

<comp id="211" class="1004" name="dim_phi_fu_211">
<pin_list>
<pin id="212" dir="0" index="0" bw="8" slack="0"/>
<pin id="213" dir="0" index="1" bw="0" slack="2147483647"/>
<pin id="214" dir="0" index="2" bw="1" slack="1"/>
<pin id="215" dir="0" index="3" bw="0" slack="2147483647"/>
<pin id="216" dir="1" index="4" bw="8" slack="0"/>
</pin_list>
<bind>
<opcode="phi(44) " fcode="phi"/>
<opset="dim/5 "/>
</bind>
</comp>

<comp id="219" class="1004" name="grp_fu_219">
<pin_list>
<pin id="220" dir="0" index="0" bw="64" slack="1"/>
<pin id="221" dir="0" index="1" bw="64" slack="1"/>
<pin id="222" dir="1" index="2" bw="64" slack="0"/>
</pin_list>
<bind>
<opcode="dadd(506) dsub(507) " fcode="dadd"/>
<opset="diff/11 sum_of_squares_1/32 sum_of_squares_2/37 sum_of_squares_3/42 sum_of_squares_4/47 sum_of_squares_5/52 sum_of_squares_6/57 sum_of_squares_7/62 "/>
</bind>
</comp>

<comp id="223" class="1004" name="grp_fu_223">
<pin_list>
<pin id="224" dir="0" index="0" bw="64" slack="1"/>
<pin id="225" dir="0" index="1" bw="64" slack="1"/>
<pin id="226" dir="1" index="2" bw="64" slack="1"/>
</pin_list>
<bind>
<opcode="dadd(506) " fcode="dadd"/>
<opset="tmp_3/22 "/>
</bind>
</comp>

<comp id="228" class="1004" name="grp_fu_228">
<pin_list>
<pin id="229" dir="0" index="0" bw="64" slack="1"/>
<pin id="230" dir="0" index="1" bw="64" slack="1"/>
<pin id="231" dir="1" index="2" bw="64" slack="1"/>
</pin_list>
<bind>
<opcode="dmul(508) " fcode="dmul"/>
<opset="diff_squared/16 "/>
</bind>
</comp>

<comp id="232" class="1004" name="grp_fu_232">
<pin_list>
<pin id="233" dir="0" index="0" bw="64" slack="0"/>
<pin id="234" dir="0" index="1" bw="64" slack="0"/>
<pin id="235" dir="1" index="2" bw="1" slack="0"/>
</pin_list>
<bind>
<opcode="dcmp(511) " fcode="dcmp"/>
<opset="sum_of_squares_1_0_to_fcmp/29 "/>
</bind>
</comp>

<comp id="238" class="1004" name="grp_fu_238">
<pin_list>
<pin id="239" dir="0" index="0" bw="64" slack="1"/>
<pin id="240" dir="1" index="1" bw="64" slack="1"/>
</pin_list>
<bind>
<opcode="sitodp(515) " fcode="sitodp"/>
<opset="vector1_data/7 "/>
</bind>
</comp>

<comp id="241" class="1004" name="grp_fu_241">
<pin_list>
<pin id="242" dir="0" index="0" bw="64" slack="1"/>
<pin id="243" dir="1" index="1" bw="64" slack="1"/>
</pin_list>
<bind>
<opcode="sitodp(515) " fcode="sitodp"/>
<opset="vector2_data/7 "/>
</bind>
</comp>

<comp id="244" class="1005" name="reg_244">
<pin_list>
<pin id="245" dir="0" index="0" bw="64" slack="1"/>
<pin id="246" dir="1" index="1" bw="64" slack="1"/>
</pin_list>
<bind>
<opset="diff sum_of_squares_1 sum_of_squares_2 sum_of_squares_3 sum_of_squares_4 sum_of_squares_5 sum_of_squares_6 "/>
</bind>
</comp>

<comp id="251" class="1005" name="reg_251">
<pin_list>
<pin id="252" dir="0" index="0" bw="64" slack="1"/>
<pin id="253" dir="1" index="1" bw="64" slack="1"/>
</pin_list>
<bind>
<opset="sum_of_squares_split_load sum_of_squares_split_load_1 sum_of_squares_split_load_2 sum_of_squares_split_load_3 sum_of_squares_split_load_4 sum_of_squares_split_load_5 sum_of_squares_split_load_6 sum_of_squares_split_load_7 sum_of_squares_split_load_8 "/>
</bind>
</comp>

<comp id="258" class="1004" name="exitcond1_fu_258">
<pin_list>
<pin id="259" dir="0" index="0" bw="8" slack="0"/>
<pin id="260" dir="0" index="1" bw="8" slack="0"/>
<pin id="261" dir="1" index="2" bw="1" slack="1"/>
</pin_list>
<bind>
<opcode="icmp(42) " fcode="icmp"/>
<opset="exitcond1/5 "/>
</bind>
</comp>

<comp id="264" class="1004" name="dim_1_fu_264">
<pin_list>
<pin id="265" dir="0" index="0" bw="8" slack="0"/>
<pin id="266" dir="0" index="1" bw="1" slack="0"/>
<pin id="267" dir="1" index="2" bw="8" slack="0"/>
</pin_list>
<bind>
<opcode="add(8) " fcode="add"/>
<opset="dim_1/5 "/>
</bind>
</comp>

<comp id="270" class="1004" name="dim_cast2_fu_270">
<pin_list>
<pin id="271" dir="0" index="0" bw="8" slack="0"/>
<pin id="272" dir="1" index="1" bw="3" slack="15"/>
</pin_list>
<bind>
<opcode="trunc(30) " fcode="trunc"/>
<opset="dim_cast2/5 "/>
</bind>
</comp>

<comp id="274" class="1004" name="tmp_2_fu_274">
<pin_list>
<pin id="275" dir="0" index="0" bw="3" slack="15"/>
<pin id="276" dir="1" index="1" bw="64" slack="0"/>
</pin_list>
<bind>
<opcode="zext(31) " fcode="zext"/>
<opset="tmp_2/20 "/>
</bind>
</comp>

<comp id="278" class="1004" name="sum_of_squares_fu_278">
<pin_list>
<pin id="279" dir="0" index="0" bw="1" slack="0"/>
<pin id="280" dir="0" index="1" bw="64" slack="0"/>
<pin id="281" dir="0" index="2" bw="64" slack="2"/>
<pin id="282" dir="1" index="3" bw="64" slack="1"/>
</pin_list>
<bind>
<opcode="select(46) " fcode="select"/>
<opset="sum_of_squares/31 "/>
</bind>
</comp>

<comp id="286" class="1005" name="sum_of_squares_split_addr_reg_286">
<pin_list>
<pin id="287" dir="0" index="0" bw="3" slack="5"/>
<pin id="288" dir="1" index="1" bw="3" slack="5"/>
</pin_list>
<bind>
<opset="sum_of_squares_split_addr "/>
</bind>
</comp>

<comp id="291" class="1005" name="sum_of_squares_split_addr_1_reg_291">
<pin_list>
<pin id="292" dir="0" index="0" bw="3" slack="7"/>
<pin id="293" dir="1" index="1" bw="3" slack="7"/>
</pin_list>
<bind>
<opset="sum_of_squares_split_addr_1 "/>
</bind>
</comp>

<comp id="296" class="1005" name="sum_of_squares_split_addr_2_reg_296">
<pin_list>
<pin id="297" dir="0" index="0" bw="3" slack="11"/>
<pin id="298" dir="1" index="1" bw="3" slack="11"/>
</pin_list>
<bind>
<opset="sum_of_squares_split_addr_2 "/>
</bind>
</comp>

<comp id="301" class="1005" name="sum_of_squares_split_addr_3_reg_301">
<pin_list>
<pin id="302" dir="0" index="0" bw="3" slack="16"/>
<pin id="303" dir="1" index="1" bw="3" slack="16"/>
</pin_list>
<bind>
<opset="sum_of_squares_split_addr_3 "/>
</bind>
</comp>

<comp id="306" class="1005" name="sum_of_squares_split_addr_4_reg_306">
<pin_list>
<pin id="307" dir="0" index="0" bw="3" slack="20"/>
<pin id="308" dir="1" index="1" bw="3" slack="20"/>
</pin_list>
<bind>
<opset="sum_of_squares_split_addr_4 "/>
</bind>
</comp>

<comp id="311" class="1005" name="sum_of_squares_split_addr_5_reg_311">
<pin_list>
<pin id="312" dir="0" index="0" bw="3" slack="25"/>
<pin id="313" dir="1" index="1" bw="3" slack="25"/>
</pin_list>
<bind>
<opset="sum_of_squares_split_addr_5 "/>
</bind>
</comp>

<comp id="316" class="1005" name="sum_of_squares_split_addr_6_reg_316">
<pin_list>
<pin id="317" dir="0" index="0" bw="3" slack="29"/>
<pin id="318" dir="1" index="1" bw="3" slack="29"/>
</pin_list>
<bind>
<opset="sum_of_squares_split_addr_6 "/>
</bind>
</comp>

<comp id="321" class="1005" name="sum_of_squares_split_addr_7_reg_321">
<pin_list>
<pin id="322" dir="0" index="0" bw="3" slack="34"/>
<pin id="323" dir="1" index="1" bw="3" slack="34"/>
</pin_list>
<bind>
<opset="sum_of_squares_split_addr_7 "/>
</bind>
</comp>

<comp id="326" class="1005" name="exitcond1_reg_326">
<pin_list>
<pin id="327" dir="0" index="0" bw="1" slack="1"/>
<pin id="328" dir="1" index="1" bw="1" slack="2147483647"/>
</pin_list>
<bind>
<opset="exitcond1 "/>
</bind>
</comp>

<comp id="330" class="1005" name="dim_1_reg_330">
<pin_list>
<pin id="331" dir="0" index="0" bw="8" slack="0"/>
<pin id="332" dir="1" index="1" bw="8" slack="0"/>
</pin_list>
<bind>
<opset="dim_1 "/>
</bind>
</comp>

<comp id="335" class="1005" name="dim_cast2_reg_335">
<pin_list>
<pin id="336" dir="0" index="0" bw="3" slack="15"/>
<pin id="337" dir="1" index="1" bw="3" slack="15"/>
</pin_list>
<bind>
<opset="dim_cast2 "/>
</bind>
</comp>

<comp id="340" class="1005" name="vector1_data_V_read_reg_340">
<pin_list>
<pin id="341" dir="0" index="0" bw="64" slack="1"/>
<pin id="342" dir="1" index="1" bw="64" slack="1"/>
</pin_list>
<bind>
<opset="vector1_data_V_read "/>
</bind>
</comp>

<comp id="345" class="1005" name="vector2_data_V_read_reg_345">
<pin_list>
<pin id="346" dir="0" index="0" bw="64" slack="1"/>
<pin id="347" dir="1" index="1" bw="64" slack="1"/>
</pin_list>
<bind>
<opset="vector2_data_V_read "/>
</bind>
</comp>

<comp id="350" class="1005" name="vector1_data_reg_350">
<pin_list>
<pin id="351" dir="0" index="0" bw="64" slack="1"/>
<pin id="352" dir="1" index="1" bw="64" slack="1"/>
</pin_list>
<bind>
<opset="vector1_data "/>
</bind>
</comp>

<comp id="355" class="1005" name="vector2_data_reg_355">
<pin_list>
<pin id="356" dir="0" index="0" bw="64" slack="1"/>
<pin id="357" dir="1" index="1" bw="64" slack="1"/>
</pin_list>
<bind>
<opset="vector2_data "/>
</bind>
</comp>

<comp id="360" class="1005" name="sum_of_squares_split_addr_8_reg_360">
<pin_list>
<pin id="361" dir="0" index="0" bw="3" slack="1"/>
<pin id="362" dir="1" index="1" bw="3" slack="1"/>
</pin_list>
<bind>
<opset="sum_of_squares_split_addr_8 "/>
</bind>
</comp>

<comp id="366" class="1005" name="diff_squared_reg_366">
<pin_list>
<pin id="367" dir="0" index="0" bw="64" slack="1"/>
<pin id="368" dir="1" index="1" bw="64" slack="1"/>
</pin_list>
<bind>
<opset="diff_squared "/>
</bind>
</comp>

<comp id="371" class="1005" name="tmp_3_reg_371">
<pin_list>
<pin id="372" dir="0" index="0" bw="64" slack="1"/>
<pin id="373" dir="1" index="1" bw="64" slack="1"/>
</pin_list>
<bind>
<opset="tmp_3 "/>
</bind>
</comp>

<comp id="376" class="1005" name="sum_of_squares_reg_376">
<pin_list>
<pin id="377" dir="0" index="0" bw="64" slack="1"/>
<pin id="378" dir="1" index="1" bw="64" slack="1"/>
</pin_list>
<bind>
<opset="sum_of_squares "/>
</bind>
</comp>

</comp_list>

<net_list>
<net id="105"><net_src comp="14" pin="0"/><net_sink comp="102" pin=0"/></net>

<net id="110"><net_src comp="90" pin="0"/><net_sink comp="106" pin=0"/></net>

<net id="111"><net_src comp="0" pin="0"/><net_sink comp="106" pin=1"/></net>

<net id="116"><net_src comp="90" pin="0"/><net_sink comp="112" pin=0"/></net>

<net id="117"><net_src comp="6" pin="0"/><net_sink comp="112" pin=1"/></net>

<net id="123"><net_src comp="100" pin="0"/><net_sink comp="118" pin=0"/></net>

<net id="124"><net_src comp="12" pin="0"/><net_sink comp="118" pin=1"/></net>

<net id="130"><net_src comp="102" pin="1"/><net_sink comp="125" pin=0"/></net>

<net id="131"><net_src comp="16" pin="0"/><net_sink comp="125" pin=1"/></net>

<net id="132"><net_src comp="16" pin="0"/><net_sink comp="125" pin=2"/></net>

<net id="137"><net_src comp="18" pin="0"/><net_sink comp="133" pin=1"/></net>

<net id="138"><net_src comp="125" pin="3"/><net_sink comp="133" pin=0"/></net>

<net id="144"><net_src comp="102" pin="1"/><net_sink comp="139" pin=0"/></net>

<net id="145"><net_src comp="16" pin="0"/><net_sink comp="139" pin=1"/></net>

<net id="146"><net_src comp="20" pin="0"/><net_sink comp="139" pin=2"/></net>

<net id="150"><net_src comp="18" pin="0"/><net_sink comp="133" pin=4"/></net>

<net id="151"><net_src comp="139" pin="3"/><net_sink comp="133" pin=3"/></net>

<net id="157"><net_src comp="16" pin="0"/><net_sink comp="152" pin=1"/></net>

<net id="158"><net_src comp="22" pin="0"/><net_sink comp="152" pin=2"/></net>

<net id="159"><net_src comp="152" pin="3"/><net_sink comp="133" pin=0"/></net>

<net id="165"><net_src comp="16" pin="0"/><net_sink comp="160" pin=1"/></net>

<net id="166"><net_src comp="24" pin="0"/><net_sink comp="160" pin=2"/></net>

<net id="167"><net_src comp="160" pin="3"/><net_sink comp="133" pin=3"/></net>

<net id="173"><net_src comp="16" pin="0"/><net_sink comp="168" pin=1"/></net>

<net id="174"><net_src comp="26" pin="0"/><net_sink comp="168" pin=2"/></net>

<net id="175"><net_src comp="168" pin="3"/><net_sink comp="133" pin=0"/></net>

<net id="181"><net_src comp="16" pin="0"/><net_sink comp="176" pin=1"/></net>

<net id="182"><net_src comp="28" pin="0"/><net_sink comp="176" pin=2"/></net>

<net id="183"><net_src comp="176" pin="3"/><net_sink comp="133" pin=3"/></net>

<net id="189"><net_src comp="16" pin="0"/><net_sink comp="184" pin=1"/></net>

<net id="190"><net_src comp="80" pin="0"/><net_sink comp="184" pin=2"/></net>

<net id="191"><net_src comp="184" pin="3"/><net_sink comp="133" pin=0"/></net>

<net id="197"><net_src comp="16" pin="0"/><net_sink comp="192" pin=1"/></net>

<net id="198"><net_src comp="82" pin="0"/><net_sink comp="192" pin=2"/></net>

<net id="199"><net_src comp="192" pin="3"/><net_sink comp="133" pin=3"/></net>

<net id="205"><net_src comp="16" pin="0"/><net_sink comp="200" pin=1"/></net>

<net id="206"><net_src comp="200" pin="3"/><net_sink comp="133" pin=0"/></net>

<net id="210"><net_src comp="84" pin="0"/><net_sink comp="207" pin=0"/></net>

<net id="217"><net_src comp="207" pin="1"/><net_sink comp="211" pin=2"/></net>

<net id="227"><net_src comp="219" pin="2"/><net_sink comp="118" pin=2"/></net>

<net id="236"><net_src comp="133" pin="2"/><net_sink comp="232" pin=0"/></net>

<net id="237"><net_src comp="98" pin="0"/><net_sink comp="232" pin=1"/></net>

<net id="247"><net_src comp="219" pin="2"/><net_sink comp="244" pin=0"/></net>

<net id="248"><net_src comp="244" pin="1"/><net_sink comp="228" pin=0"/></net>

<net id="249"><net_src comp="244" pin="1"/><net_sink comp="228" pin=1"/></net>

<net id="250"><net_src comp="244" pin="1"/><net_sink comp="219" pin=1"/></net>

<net id="254"><net_src comp="133" pin="2"/><net_sink comp="251" pin=0"/></net>

<net id="255"><net_src comp="251" pin="1"/><net_sink comp="223" pin=0"/></net>

<net id="256"><net_src comp="251" pin="1"/><net_sink comp="232" pin=0"/></net>

<net id="257"><net_src comp="251" pin="1"/><net_sink comp="219" pin=0"/></net>

<net id="262"><net_src comp="211" pin="4"/><net_sink comp="258" pin=0"/></net>

<net id="263"><net_src comp="86" pin="0"/><net_sink comp="258" pin=1"/></net>

<net id="268"><net_src comp="211" pin="4"/><net_sink comp="264" pin=0"/></net>

<net id="269"><net_src comp="88" pin="0"/><net_sink comp="264" pin=1"/></net>

<net id="273"><net_src comp="211" pin="4"/><net_sink comp="270" pin=0"/></net>

<net id="277"><net_src comp="274" pin="1"/><net_sink comp="200" pin=2"/></net>

<net id="283"><net_src comp="232" pin="2"/><net_sink comp="278" pin=0"/></net>

<net id="284"><net_src comp="18" pin="0"/><net_sink comp="278" pin=1"/></net>

<net id="285"><net_src comp="251" pin="1"/><net_sink comp="278" pin=2"/></net>

<net id="289"><net_src comp="125" pin="3"/><net_sink comp="286" pin=0"/></net>

<net id="290"><net_src comp="286" pin="1"/><net_sink comp="133" pin=0"/></net>

<net id="294"><net_src comp="139" pin="3"/><net_sink comp="291" pin=0"/></net>

<net id="295"><net_src comp="291" pin="1"/><net_sink comp="133" pin=0"/></net>

<net id="299"><net_src comp="152" pin="3"/><net_sink comp="296" pin=0"/></net>

<net id="300"><net_src comp="296" pin="1"/><net_sink comp="133" pin=0"/></net>

<net id="304"><net_src comp="160" pin="3"/><net_sink comp="301" pin=0"/></net>

<net id="305"><net_src comp="301" pin="1"/><net_sink comp="133" pin=0"/></net>

<net id="309"><net_src comp="168" pin="3"/><net_sink comp="306" pin=0"/></net>

<net id="310"><net_src comp="306" pin="1"/><net_sink comp="133" pin=0"/></net>

<net id="314"><net_src comp="176" pin="3"/><net_sink comp="311" pin=0"/></net>

<net id="315"><net_src comp="311" pin="1"/><net_sink comp="133" pin=0"/></net>

<net id="319"><net_src comp="184" pin="3"/><net_sink comp="316" pin=0"/></net>

<net id="320"><net_src comp="316" pin="1"/><net_sink comp="133" pin=0"/></net>

<net id="324"><net_src comp="192" pin="3"/><net_sink comp="321" pin=0"/></net>

<net id="325"><net_src comp="321" pin="1"/><net_sink comp="133" pin=0"/></net>

<net id="329"><net_src comp="258" pin="2"/><net_sink comp="326" pin=0"/></net>

<net id="333"><net_src comp="264" pin="2"/><net_sink comp="330" pin=0"/></net>

<net id="334"><net_src comp="330" pin="1"/><net_sink comp="211" pin=0"/></net>

<net id="338"><net_src comp="270" pin="1"/><net_sink comp="335" pin=0"/></net>

<net id="339"><net_src comp="335" pin="1"/><net_sink comp="274" pin=0"/></net>

<net id="343"><net_src comp="106" pin="2"/><net_sink comp="340" pin=0"/></net>

<net id="344"><net_src comp="340" pin="1"/><net_sink comp="238" pin=0"/></net>

<net id="348"><net_src comp="112" pin="2"/><net_sink comp="345" pin=0"/></net>

<net id="349"><net_src comp="345" pin="1"/><net_sink comp="241" pin=0"/></net>

<net id="353"><net_src comp="238" pin="1"/><net_sink comp="350" pin=0"/></net>

<net id="354"><net_src comp="350" pin="1"/><net_sink comp="219" pin=0"/></net>

<net id="358"><net_src comp="241" pin="1"/><net_sink comp="355" pin=0"/></net>

<net id="359"><net_src comp="355" pin="1"/><net_sink comp="219" pin=1"/></net>

<net id="363"><net_src comp="200" pin="3"/><net_sink comp="360" pin=0"/></net>

<net id="364"><net_src comp="360" pin="1"/><net_sink comp="133" pin=0"/></net>

<net id="365"><net_src comp="360" pin="1"/><net_sink comp="133" pin=3"/></net>

<net id="369"><net_src comp="228" pin="2"/><net_sink comp="366" pin=0"/></net>

<net id="370"><net_src comp="366" pin="1"/><net_sink comp="223" pin=1"/></net>

<net id="374"><net_src comp="223" pin="2"/><net_sink comp="371" pin=0"/></net>

<net id="375"><net_src comp="371" pin="1"/><net_sink comp="133" pin=4"/></net>

<net id="379"><net_src comp="278" pin="3"/><net_sink comp="376" pin=0"/></net>

<net id="380"><net_src comp="376" pin="1"/><net_sink comp="219" pin=1"/></net>

</net_list>

</model> 
---------------- Datapath Model END ------------------

* FSMD analyzer results:
  - Output states:
	Port: sum | {66 }
  - Chain level:
	State 1
		sum_of_squares_split_addr : 1
		stg_69 : 2
		sum_of_squares_split_addr_1 : 1
		stg_71 : 2
	State 2
		stg_73 : 1
		stg_75 : 1
	State 3
		stg_77 : 1
		stg_79 : 1
	State 4
		empty : 1
		empty_3 : 1
		empty_4 : 1
		empty_5 : 1
		empty_6 : 1
		empty_7 : 1
		empty_8 : 1
		stg_105 : 1
		stg_107 : 1
	State 5
		exitcond1 : 1
		dim_1 : 1
		stg_112 : 2
		dim_cast2 : 1
	State 6
	State 7
	State 8
	State 9
	State 10
	State 11
	State 12
	State 13
	State 14
	State 15
	State 16
	State 17
	State 18
	State 19
	State 20
		sum_of_squares_split_addr_8 : 1
		sum_of_squares_split_load : 2
	State 21
	State 22
	State 23
	State 24
	State 25
	State 26
	State 27
		empty_9 : 1
	State 28
	State 29
		sum_of_squares_1_0_to_fcmp : 1
	State 30
	State 31
		sum_of_squares : 1
	State 32
	State 33
	State 34
	State 35
	State 36
	State 37
	State 38
	State 39
	State 40
	State 41
	State 42
	State 43
	State 44
	State 45
	State 46
	State 47
	State 48
	State 49
	State 50
	State 51
	State 52
	State 53
	State 54
	State 55
	State 56
	State 57
	State 58
	State 59
	State 60
	State 61
	State 62
	State 63
	State 64
	State 65
	State 66
		stg_205 : 1


============================================================
+ Verbose Summary: Datapath Resource usage 
============================================================

* Functional unit list:
|----------|-------------------------------------|---------|---------|---------|
| Operation|           Functional Unit           |  DSP48E |    FF   |   LUT   |
|----------|-------------------------------------|---------|---------|---------|
|   dadd   |              grp_fu_219             |    3    |   446   |   797   |
|          |              grp_fu_223             |    3    |   446   |   797   |
|----------|-------------------------------------|---------|---------|---------|
|  sitodp  |              grp_fu_238             |    0    |   260   |   410   |
|          |              grp_fu_241             |    0    |   260   |   410   |
|----------|-------------------------------------|---------|---------|---------|
|   dmul   |              grp_fu_228             |    11   |   317   |   217   |
|----------|-------------------------------------|---------|---------|---------|
|   dcmp   |              grp_fu_232             |    0    |   130   |   133   |
|----------|-------------------------------------|---------|---------|---------|
|  select  |        sum_of_squares_fu_278        |    0    |    0    |    64   |
|----------|-------------------------------------|---------|---------|---------|
|    add   |             dim_1_fu_264            |    0    |    0    |    8    |
|----------|-------------------------------------|---------|---------|---------|
|   icmp   |           exitcond1_fu_258          |    0    |    0    |    3    |
|----------|-------------------------------------|---------|---------|---------|
| fiforead | vector1_data_V_read_fiforead_fu_106 |    0    |    0    |    0    |
|          | vector2_data_V_read_fiforead_fu_112 |    0    |    0    |    0    |
|----------|-------------------------------------|---------|---------|---------|
| wirewrite|       stg_205_wirewrite_fu_118      |    0    |    0    |    0    |
|----------|-------------------------------------|---------|---------|---------|
|   trunc  |           dim_cast2_fu_270          |    0    |    0    |    0    |
|----------|-------------------------------------|---------|---------|---------|
|   zext   |             tmp_2_fu_274            |    0    |    0    |    0    |
|----------|-------------------------------------|---------|---------|---------|
|   Total  |                                     |    17   |   1859  |   2839  |
|----------|-------------------------------------|---------|---------|---------|

Memories:
+--------------------+--------+--------+--------+
|                    |  BRAM  |   FF   |   LUT  |
+--------------------+--------+--------+--------+
|sum_of_squares_split|    1   |    0   |    0   |
+--------------------+--------+--------+--------+
|        Total       |    1   |    0   |    0   |
+--------------------+--------+--------+--------+

* Register list:
+-----------------------------------+--------+
|                                   |   FF   |
+-----------------------------------+--------+
|        diff_squared_reg_366       |   64   |
|           dim_1_reg_330           |    8   |
|         dim_cast2_reg_335         |    3   |
|            dim_reg_207            |    8   |
|         exitcond1_reg_326         |    1   |
|              reg_244              |   64   |
|              reg_251              |   64   |
|       sum_of_squares_reg_376      |   64   |
|sum_of_squares_split_addr_1_reg_291|    3   |
|sum_of_squares_split_addr_2_reg_296|    3   |
|sum_of_squares_split_addr_3_reg_301|    3   |
|sum_of_squares_split_addr_4_reg_306|    3   |
|sum_of_squares_split_addr_5_reg_311|    3   |
|sum_of_squares_split_addr_6_reg_316|    3   |
|sum_of_squares_split_addr_7_reg_321|    3   |
|sum_of_squares_split_addr_8_reg_360|    3   |
| sum_of_squares_split_addr_reg_286 |    3   |
|           tmp_3_reg_371           |   64   |
|    vector1_data_V_read_reg_340    |   64   |
|        vector1_data_reg_350       |   64   |
|    vector2_data_V_read_reg_345    |   64   |
|        vector2_data_reg_355       |   64   |
+-----------------------------------+--------+
|               Total               |   623  |
+-----------------------------------+--------+

* Multiplexer (MUX) list: 
|-------------------|------|------|------|--------||---------||---------|
|        Comp       |  Pin | Size |  BW  | S x BW ||  Delay  ||   LUT   |
|-------------------|------|------|------|--------||---------||---------|
| grp_access_fu_133 |  p0  |  14  |   3  |   42   ||    9    |
| grp_access_fu_133 |  p3  |   5  |   3  |   15   ||    3    |
| grp_access_fu_133 |  p4  |   2  |  64  |   128  ||    64   |
|     grp_fu_219    |  p0  |   2  |  64  |   128  ||    64   |
|     grp_fu_219    |  p1  |   3  |  64  |   192  ||    64   |
|     grp_fu_232    |  p0  |   2  |  64  |   128  ||    64   |
|-------------------|------|------|------|--------||---------||---------|
|       Total       |      |      |      |   633  || 8.15825 ||   268   |
|-------------------|------|------|------|--------||---------||---------|



* Summary:
+-----------+--------+--------+--------+--------+--------+
|           |  BRAM  | DSP48E |  Delay |   FF   |   LUT  |
+-----------+--------+--------+--------+--------+--------+
|  Function |    -   |   17   |    -   |  1859  |  2839  |
|   Memory  |    1   |    -   |    -   |    0   |    0   |
|Multiplexer|    -   |    -   |    8   |    -   |   268  |
|  Register |    -   |    -   |    -   |   623  |    -   |
+-----------+--------+--------+--------+--------+--------+
|   Total   |    1   |   17   |    8   |  2482  |  3107  |
+-----------+--------+--------+--------+--------+--------+
