

================================================================
== Report Version
================================================================
* Tool:          AutoESL - High-Level Synthesis System (C, C++, SystemC)
* Version:       2012.1
* Build date:    Tue May 08 18:26:27 PM 2012
* Copyright (C): 2012 Xilinx Inc. All rights reserved.


================================================================
== General Information
================================================================
* Project:  NO_BLOCKING
* Solution: solution1
* Date:     Wed Oct  3 13:08:51 2012



================================================================
== User Assignments
================================================================
* Product Family:           virtex6 virtex6_fpv6 
* Part:                     xc6vlx240t:ff1156:-1
* Top Model name:           distance_squared
* Target clock period (ns): 10.00
* Clock uncertainty (ns):   1.25


================================================================
== Performance Estimates
================================================================
+ Summary of timing analysis: 
    * Estimated clock period (ns): 7.57
+ Summary of overall latency (clock cycles): 
    * Best-case latency:    265
    * Average-case latency: 265
    * Worst-case latency:   265
+ Summary of loop latency (clock cycles): 
    + dimension_loop: 
        * Trip count:     200
        * Latency:        221
        * Pipeline II:    1
        * Pipeline depth: 23


================================================================
== Area Estimates
================================================================
* Summary: 
(Target device: xc6vlx240t:ff1156:-1)
+---+-----------------+-----+-------+--------+--------+-------+
| ID|             Name| BRAM| DSP48E|      FF|     LUT|  SLICE|
+---+-----------------+-----+-------+--------+--------+-------+
|  0|        Component|    -|     17|    1859|    2764|      -|
|  1|       Expression|    -|      -|       0|      76|      -|
|  2|             FIFO|    -|      -|       -|       -|      -|
|  3|           Memory|    1|      -|       0|       0|      -|
|  4|      Multiplexer|    -|      -|       -|     290|      -|
|  5|         Register|    -|      -|     701|       -|      -|
+---+-----------------+-----+-------+--------+--------+-------+
|  -|            Total|    1|     17|    2560|    3130|      0|
+---+-----------------+-----+-------+--------+--------+-------+
|  -|        Available|  832|    768|  301440|  150720|  37680|
+---+-----------------+-----+-------+--------+--------+-------+
|  -|  Utilization (%)|   ~0|      2|      ~0|       2|      0|
+---+-----------------+-----+-------+--------+--------+-------+

+ Details: 
    * Component: 
    +---+---------------------------------------------------------------------------------------------+-------+-----+-----+
    | ID|                                                                                         Name| DSP48E|   FF|  LUT|
    +---+---------------------------------------------------------------------------------------------+-------+-----+-----+
    |  0|  distance_squared_grp_fu_219_ACMP_dadddsub_1_U (distance_squared_grp_fu_219_ACMP_dadddsub_1)|      3|  446|  797|
    |  1|          distance_squared_grp_fu_223_ACMP_dadd_2_U (distance_squared_grp_fu_223_ACMP_dadd_2)|      3|  446|  797|
    |  2|          distance_squared_grp_fu_228_ACMP_dmul_3_U (distance_squared_grp_fu_228_ACMP_dmul_3)|     11|  317|  217|
    |  3|          distance_squared_grp_fu_232_ACMP_dcmp_4_U (distance_squared_grp_fu_232_ACMP_dcmp_4)|      0|  130|  133|
    |  4|      distance_squared_grp_fu_238_ACMP_sitodp_5_U (distance_squared_grp_fu_238_ACMP_sitodp_5)|      0|  260|  410|
    |  5|      distance_squared_grp_fu_241_ACMP_sitodp_6_U (distance_squared_grp_fu_241_ACMP_sitodp_6)|      0|  260|  410|
    +---+---------------------------------------------------------------------------------------------+-------+-----+-----+
    |  -|                                                                                        Total|     17| 1859| 2764|
    +---+---------------------------------------------------------------------------------------------+-------+-----+-----+

    * Expression: 
    +---+------------------------------------+---+---+----+---+----+
    | ID|                                Name| P0| P1|  P2| FF| LUT|
    +---+------------------------------------+---+---+----+---+----+
    |  0|              ap_sig_bdd_100 ( or ) |  1|  1|   -|  0|   1|
    |  1|                  dim_reg_207 ( + ) |  8|  1|   -|  0|   8|
    |  2|       exitcond1_fu_258_p2 ( icmp ) |  8|  7|   -|  0|   3|
    |  3|  sum_of_squares_reg_376 ( Select ) |  1|  1|  64|  0|  64|
    +---+------------------------------------+---+---+----+---+----+
    |  -|                               Total| 18| 10|  64|  0|  76|
    +---+------------------------------------+---+---+----+---+----+

    * FIFO: 
    N/A

    * Memory: 
    +---+------------------------+------+-----+------+-------------+-----+---+----+
    | ID|                    Name| Words| Bits| Banks| W*Bits*Banks| BRAM| FF| LUT|
    +---+------------------------+------+-----+------+-------------+-----+---+----+
    |  0|  sum_of_squares_split_U|     8|   64|     1|          512|    1|  0|   0|
    +---+------------------------+------+-----+------+-------------+-----+---+----+
    |  -|                   Total|     8|   64|     1|          512|    1|  0|   0|
    +---+------------------------+------+-----+------+-------------+-----+---+----+

    * Multiplexer: 
    +---+-------------------------------+-----+-----+------+----+
    | ID|                           Name| Size| Bits| Count| LUT|
    +---+-------------------------------+-----+-----+------+----+
    |  0|                      ap_NS_fsm|   46|    6|   276|  78|
    |  1|                    dim_reg_207|    2|    8|    16|   8|
    |  2|                  grp_fu_219_p0|    2|   64|   128|  64|
    |  3|                  grp_fu_219_p1|    3|   64|   192|  64|
    |  4|  sum_of_squares_split_address0|   13|    3|    39|   9|
    |  5|  sum_of_squares_split_address1|    5|    3|    15|   3|
    |  6|        sum_of_squares_split_d1|    2|   64|   128|  64|
    +---+-------------------------------+-----+-----+------+----+
    |  -|                          Total|   73|  212|   794| 290|
    +---+-------------------------------+-----+-----+------+----+

    * Register: 
    +---+-----------------------------------------------------------+-----+-------+----+
    | ID|                                                       Name| Bits| Consts|  FF|
    +---+-----------------------------------------------------------+-----+-------+----+
    |  0|                                                  ap_CS_fsm|    6|      0|   6|
    |  1|                                      ap_reg_ppiten_pp0_it0|    1|      0|   1|
    |  2|                                      ap_reg_ppiten_pp0_it1|    1|      0|   1|
    |  3|                                     ap_reg_ppiten_pp0_it10|    1|      0|   1|
    |  4|                                     ap_reg_ppiten_pp0_it11|    1|      0|   1|
    |  5|                                     ap_reg_ppiten_pp0_it12|    1|      0|   1|
    |  6|                                     ap_reg_ppiten_pp0_it13|    1|      0|   1|
    |  7|                                     ap_reg_ppiten_pp0_it14|    1|      0|   1|
    |  8|                                     ap_reg_ppiten_pp0_it15|    1|      0|   1|
    |  9|                                     ap_reg_ppiten_pp0_it16|    1|      0|   1|
    | 10|                                     ap_reg_ppiten_pp0_it17|    1|      0|   1|
    | 11|                                     ap_reg_ppiten_pp0_it18|    1|      0|   1|
    | 12|                                     ap_reg_ppiten_pp0_it19|    1|      0|   1|
    | 13|                                      ap_reg_ppiten_pp0_it2|    1|      0|   1|
    | 14|                                     ap_reg_ppiten_pp0_it20|    1|      0|   1|
    | 15|                                     ap_reg_ppiten_pp0_it21|    1|      0|   1|
    | 16|                                     ap_reg_ppiten_pp0_it22|    1|      0|   1|
    | 17|                                      ap_reg_ppiten_pp0_it3|    1|      0|   1|
    | 18|                                      ap_reg_ppiten_pp0_it4|    1|      0|   1|
    | 19|                                      ap_reg_ppiten_pp0_it5|    1|      0|   1|
    | 20|                                      ap_reg_ppiten_pp0_it6|    1|      0|   1|
    | 21|                                      ap_reg_ppiten_pp0_it7|    1|      0|   1|
    | 22|                                      ap_reg_ppiten_pp0_it8|    1|      0|   1|
    | 23|                                      ap_reg_ppiten_pp0_it9|    1|      0|   1|
    | 24|                     ap_reg_ppstg_dim_cast2_reg_335_pp0_it1|    3|      0|   3|
    | 25|                    ap_reg_ppstg_dim_cast2_reg_335_pp0_it10|    3|      0|   3|
    | 26|                    ap_reg_ppstg_dim_cast2_reg_335_pp0_it11|    3|      0|   3|
    | 27|                    ap_reg_ppstg_dim_cast2_reg_335_pp0_it12|    3|      0|   3|
    | 28|                    ap_reg_ppstg_dim_cast2_reg_335_pp0_it13|    3|      0|   3|
    | 29|                    ap_reg_ppstg_dim_cast2_reg_335_pp0_it14|    3|      0|   3|
    | 30|                     ap_reg_ppstg_dim_cast2_reg_335_pp0_it2|    3|      0|   3|
    | 31|                     ap_reg_ppstg_dim_cast2_reg_335_pp0_it3|    3|      0|   3|
    | 32|                     ap_reg_ppstg_dim_cast2_reg_335_pp0_it4|    3|      0|   3|
    | 33|                     ap_reg_ppstg_dim_cast2_reg_335_pp0_it5|    3|      0|   3|
    | 34|                     ap_reg_ppstg_dim_cast2_reg_335_pp0_it6|    3|      0|   3|
    | 35|                     ap_reg_ppstg_dim_cast2_reg_335_pp0_it7|    3|      0|   3|
    | 36|                     ap_reg_ppstg_dim_cast2_reg_335_pp0_it8|    3|      0|   3|
    | 37|                     ap_reg_ppstg_dim_cast2_reg_335_pp0_it9|    3|      0|   3|
    | 38|                     ap_reg_ppstg_exitcond1_reg_326_pp0_it1|    1|      0|   1|
    | 39|                    ap_reg_ppstg_exitcond1_reg_326_pp0_it10|    1|      0|   1|
    | 40|                    ap_reg_ppstg_exitcond1_reg_326_pp0_it11|    1|      0|   1|
    | 41|                    ap_reg_ppstg_exitcond1_reg_326_pp0_it12|    1|      0|   1|
    | 42|                    ap_reg_ppstg_exitcond1_reg_326_pp0_it13|    1|      0|   1|
    | 43|                    ap_reg_ppstg_exitcond1_reg_326_pp0_it14|    1|      0|   1|
    | 44|                    ap_reg_ppstg_exitcond1_reg_326_pp0_it15|    1|      0|   1|
    | 45|                    ap_reg_ppstg_exitcond1_reg_326_pp0_it16|    1|      0|   1|
    | 46|                    ap_reg_ppstg_exitcond1_reg_326_pp0_it17|    1|      0|   1|
    | 47|                    ap_reg_ppstg_exitcond1_reg_326_pp0_it18|    1|      0|   1|
    | 48|                    ap_reg_ppstg_exitcond1_reg_326_pp0_it19|    1|      0|   1|
    | 49|                     ap_reg_ppstg_exitcond1_reg_326_pp0_it2|    1|      0|   1|
    | 50|                    ap_reg_ppstg_exitcond1_reg_326_pp0_it20|    1|      0|   1|
    | 51|                    ap_reg_ppstg_exitcond1_reg_326_pp0_it21|    1|      0|   1|
    | 52|                     ap_reg_ppstg_exitcond1_reg_326_pp0_it3|    1|      0|   1|
    | 53|                     ap_reg_ppstg_exitcond1_reg_326_pp0_it4|    1|      0|   1|
    | 54|                     ap_reg_ppstg_exitcond1_reg_326_pp0_it5|    1|      0|   1|
    | 55|                     ap_reg_ppstg_exitcond1_reg_326_pp0_it6|    1|      0|   1|
    | 56|                     ap_reg_ppstg_exitcond1_reg_326_pp0_it7|    1|      0|   1|
    | 57|                     ap_reg_ppstg_exitcond1_reg_326_pp0_it8|    1|      0|   1|
    | 58|                     ap_reg_ppstg_exitcond1_reg_326_pp0_it9|    1|      0|   1|
    | 59|  ap_reg_ppstg_sum_of_squares_split_addr_8_reg_360_pp0_it16|    3|      0|   3|
    | 60|  ap_reg_ppstg_sum_of_squares_split_addr_8_reg_360_pp0_it17|    3|      0|   3|
    | 61|  ap_reg_ppstg_sum_of_squares_split_addr_8_reg_360_pp0_it18|    3|      0|   3|
    | 62|  ap_reg_ppstg_sum_of_squares_split_addr_8_reg_360_pp0_it19|    3|      0|   3|
    | 63|  ap_reg_ppstg_sum_of_squares_split_addr_8_reg_360_pp0_it20|    3|      0|   3|
    | 64|  ap_reg_ppstg_sum_of_squares_split_addr_8_reg_360_pp0_it21|    3|      0|   3|
    | 65|                                       diff_squared_reg_366|   64|      0|  64|
    | 66|                                          dim_cast2_reg_335|    3|      0|   3|
    | 67|                                                dim_reg_207|    8|      0|   8|
    | 68|                                          exitcond1_reg_326|    1|      0|   1|
    | 69|                                                    reg_244|   64|      0|  64|
    | 70|                                                    reg_251|   64|      0|  64|
    | 71|                                     sum_of_squares_reg_376|   64|      0|  64|
    | 72|                        sum_of_squares_split_addr_1_reg_291|    3|      3|   0|
    | 73|                        sum_of_squares_split_addr_2_reg_296|    3|      3|   0|
    | 74|                        sum_of_squares_split_addr_3_reg_301|    3|      3|   0|
    | 75|                        sum_of_squares_split_addr_4_reg_306|    3|      3|   0|
    | 76|                        sum_of_squares_split_addr_5_reg_311|    3|      3|   0|
    | 77|                        sum_of_squares_split_addr_6_reg_316|    3|      3|   0|
    | 78|                        sum_of_squares_split_addr_7_reg_321|    3|      3|   0|
    | 79|                        sum_of_squares_split_addr_8_reg_360|    3|      0|   3|
    | 80|                          sum_of_squares_split_addr_reg_286|    3|      3|   0|
    | 81|                                              tmp_3_reg_371|   64|      0|  64|
    | 82|                                vector1_data_V_read_reg_340|   64|      0|  64|
    | 83|                                       vector1_data_reg_350|   64|      0|  64|
    | 84|                                vector2_data_V_read_reg_345|   64|      0|  64|
    | 85|                                       vector2_data_reg_355|   64|      0|  64|
    +---+-----------------------------------------------------------+-----+-------+----+
    |  -|                                                      Total|  725|     24| 701|
    +---+-----------------------------------------------------------+-----+-------+----+

* Hierarchical Multiplexer Count: 
+---+---------------------------------------------------------------------------------------------+-----+-----+------+
| ID|                                                                                         Name| Size| Bits| Count|
+---+---------------------------------------------------------------------------------------------+-----+-----+------+
|  0|                                                                                 (This level)|   73|  212|   794|
|  1|  distance_squared_grp_fu_219_ACMP_dadddsub_1_U (distance_squared_grp_fu_219_ACMP_dadddsub_1)|    -|    -|     0|
|  2|          distance_squared_grp_fu_223_ACMP_dadd_2_U (distance_squared_grp_fu_223_ACMP_dadd_2)|    -|    -|     0|
|  3|          distance_squared_grp_fu_228_ACMP_dmul_3_U (distance_squared_grp_fu_228_ACMP_dmul_3)|    -|    -|     0|
|  4|          distance_squared_grp_fu_232_ACMP_dcmp_4_U (distance_squared_grp_fu_232_ACMP_dcmp_4)|    -|    -|     0|
|  5|      distance_squared_grp_fu_238_ACMP_sitodp_5_U (distance_squared_grp_fu_238_ACMP_sitodp_5)|    -|    -|     0|
|  6|      distance_squared_grp_fu_241_ACMP_sitodp_6_U (distance_squared_grp_fu_241_ACMP_sitodp_6)|    -|    -|     0|
+---+---------------------------------------------------------------------------------------------+-----+-----+------+
|  -|                                                                                        Total|   73|  212|   794|
+---+---------------------------------------------------------------------------------------------+-----+-----+------+



================================================================
== Power Estimate
================================================================
* Summary: 
+---+-------------+------+
| ID|         Name| Power|
+---+-------------+------+
|  0|    Component|   462|
|  1|   Expression|     7|
|  2|         FIFO|     -|
|  3|       Memory|     -|
|  4|  Multiplexer|    29|
|  5|     Register|    70|
+---+-------------+------+
|  -|        Total|   568|
+---+-------------+------+

* Hierarchical Register Count: 
+---+--------------+------+
| ID|          Name| Count|
+---+--------------+------+
|  0|  (This level)|   701|
+---+--------------+------+
|  -|         Total|   701|
+---+--------------+------+



================================================================
== Interface Summary
================================================================
* Interfaces: 
+---+------------------------+------------------+--------------+------+------------+----------+-----+-----+
| ID|               RTL Ports|            Object|          Type| Scope| IO Protocol| IO Config|  Dir| Bits|
+---+------------------------+------------------+--------------+------+------------+----------+-----+-----+
|  0|                  ap_clk|  distance_squared|  return value|     -|  ap_ctrl_hs|         -|   in|    1|
|  1|                  ap_rst|                 -|             -|     -|           -|         -|   in|    1|
|  2|                ap_start|                 -|             -|     -|           -|         -|   in|    1|
|  3|                 ap_done|                 -|             -|     -|           -|         -|  out|    1|
|  4|                 ap_idle|                 -|             -|     -|           -|         -|  out|    1|
|  5|     vector1_data_V_dout|    vector1_data_V|       pointer|     -|     ap_fifo|         -|   in|   64|
|  6|  vector1_data_V_empty_n|                 -|             -|     -|           -|         -|   in|    1|
|  7|     vector1_data_V_read|                 -|             -|     -|           -|         -|  out|    1|
|  8|     vector1_keep_V_dout|    vector1_keep_V|       pointer|     -|     ap_fifo|         -|   in|    8|
|  9|  vector1_keep_V_empty_n|                 -|             -|     -|           -|         -|   in|    1|
| 10|     vector1_keep_V_read|                 -|             -|     -|           -|         -|  out|    1|
| 11|     vector1_last_V_dout|    vector1_last_V|       pointer|     -|     ap_fifo|         -|   in|    1|
| 12|  vector1_last_V_empty_n|                 -|             -|     -|           -|         -|   in|    1|
| 13|     vector1_last_V_read|                 -|             -|     -|           -|         -|  out|    1|
| 14|     vector2_data_V_dout|    vector2_data_V|       pointer|     -|     ap_fifo|         -|   in|   64|
| 15|  vector2_data_V_empty_n|                 -|             -|     -|           -|         -|   in|    1|
| 16|     vector2_data_V_read|                 -|             -|     -|           -|         -|  out|    1|
| 17|     vector2_keep_V_dout|    vector2_keep_V|       pointer|     -|     ap_fifo|         -|   in|    8|
| 18|  vector2_keep_V_empty_n|                 -|             -|     -|           -|         -|   in|    1|
| 19|     vector2_keep_V_read|                 -|             -|     -|           -|         -|  out|    1|
| 20|     vector2_last_V_dout|    vector2_last_V|       pointer|     -|     ap_fifo|         -|   in|    1|
| 21|  vector2_last_V_empty_n|                 -|             -|     -|           -|         -|   in|    1|
| 22|     vector2_last_V_read|                 -|             -|     -|           -|         -|  out|    1|
| 23|                     sum|               sum|       pointer|     -|     ap_none|         -|  out|   64|
+---+------------------------+------------------+--------------+------+------------+----------+-----+-----+

